[2025-01-16 19:37:49,908] {taskinstance.py:903} INFO - Dependencies all met for <TaskInstance: agile_data_science_batch_prediction_model_training.pyspark_train_classifier_model 2016-12-01T00:00:00+00:00 [queued]>
[2025-01-16 19:37:49,930] {taskinstance.py:903} INFO - Dependencies all met for <TaskInstance: agile_data_science_batch_prediction_model_training.pyspark_train_classifier_model 2016-12-01T00:00:00+00:00 [queued]>
[2025-01-16 19:37:49,930] {taskinstance.py:1095} INFO - 
--------------------------------------------------------------------------------
[2025-01-16 19:37:49,930] {taskinstance.py:1096} INFO - Starting attempt 4 of 4
[2025-01-16 19:37:49,930] {taskinstance.py:1097} INFO - 
--------------------------------------------------------------------------------
[2025-01-16 19:37:49,942] {taskinstance.py:1115} INFO - Executing <Task(BashOperator): pyspark_train_classifier_model> on 2016-12-01T00:00:00+00:00
[2025-01-16 19:37:49,944] {standard_task_runner.py:52} INFO - Started process 312781 to run task
[2025-01-16 19:37:49,949] {standard_task_runner.py:76} INFO - Running: ['airflow', 'tasks', 'run', 'agile_data_science_batch_prediction_model_training', 'pyspark_train_classifier_model', '2016-12-01T00:00:00+00:00', '--job-id', '11', '--pool', 'default_pool', '--raw', '--subdir', 'DAGS_FOLDER/setup.py', '--cfg-path', '/tmp/tmps7_7oljp', '--error-file', '/tmp/tmp7m07ye0_']
[2025-01-16 19:37:49,949] {standard_task_runner.py:77} INFO - Job 11: Subtask pyspark_train_classifier_model
[2025-01-16 19:37:49,973] {logging_mixin.py:109} INFO - Running <TaskInstance: agile_data_science_batch_prediction_model_training.pyspark_train_classifier_model 2016-12-01T00:00:00+00:00 [running]> on host ibdn-VirtualBox
[2025-01-16 19:37:50,032] {taskinstance.py:1254} INFO - Exporting the following env vars:
AIRFLOW_CTX_DAG_OWNER=airflow
AIRFLOW_CTX_DAG_ID=agile_data_science_batch_prediction_model_training
AIRFLOW_CTX_TASK_ID=pyspark_train_classifier_model
AIRFLOW_CTX_EXECUTION_DATE=2016-12-01T00:00:00+00:00
AIRFLOW_CTX_DAG_RUN_ID=scheduled__2016-12-01T00:00:00+00:00
[2025-01-16 19:37:50,032] {subprocess.py:52} INFO - Tmp dir root location: 
 /tmp
[2025-01-16 19:37:50,034] {subprocess.py:63} INFO - Running command: ['bash', '-c', '\nspark-submit --master local[8]   /home/ibdn/BDFI/practica_creativa//resources/train_spark_mllib_model.py   /home/ibdn/BDFI/practica_creativa/']
[2025-01-16 19:37:50,043] {subprocess.py:74} INFO - Output:
[2025-01-16 19:37:51,804] {subprocess.py:78} INFO - 25/01/16 19:37:51 WARN Utils: Your hostname, ibdn-VirtualBox resolves to a loopback address: 127.0.1.1; using 10.0.2.15 instead (on interface enp0s3)
[2025-01-16 19:37:51,806] {subprocess.py:78} INFO - 25/01/16 19:37:51 WARN Utils: Set SPARK_LOCAL_IP if you need to bind to another address
[2025-01-16 19:37:52,807] {subprocess.py:78} INFO - 25/01/16 19:37:52 INFO SparkContext: Running Spark version 3.3.0
[2025-01-16 19:37:52,860] {subprocess.py:78} INFO - 25/01/16 19:37:52 WARN NativeCodeLoader: Unable to load native-hadoop library for your platform... using builtin-java classes where applicable
[2025-01-16 19:37:52,932] {subprocess.py:78} INFO - 25/01/16 19:37:52 INFO ResourceUtils: ==============================================================
[2025-01-16 19:37:52,932] {subprocess.py:78} INFO - 25/01/16 19:37:52 INFO ResourceUtils: No custom resources configured for spark.driver.
[2025-01-16 19:37:52,932] {subprocess.py:78} INFO - 25/01/16 19:37:52 INFO ResourceUtils: ==============================================================
[2025-01-16 19:37:52,933] {subprocess.py:78} INFO - 25/01/16 19:37:52 INFO SparkContext: Submitted application: train_spark_mllib_model.py
[2025-01-16 19:37:52,954] {subprocess.py:78} INFO - 25/01/16 19:37:52 INFO ResourceProfile: Default ResourceProfile created, executor resources: Map(cores -> name: cores, amount: 1, script: , vendor: , memory -> name: memory, amount: 1024, script: , vendor: , offHeap -> name: offHeap, amount: 0, script: , vendor: ), task resources: Map(cpus -> name: cpus, amount: 1.0)
[2025-01-16 19:37:52,973] {subprocess.py:78} INFO - 25/01/16 19:37:52 INFO ResourceProfile: Limiting resource is cpu
[2025-01-16 19:37:52,980] {subprocess.py:78} INFO - 25/01/16 19:37:52 INFO ResourceProfileManager: Added ResourceProfile id: 0
[2025-01-16 19:37:53,046] {subprocess.py:78} INFO - 25/01/16 19:37:53 INFO SecurityManager: Changing view acls to: ibdn
[2025-01-16 19:37:53,046] {subprocess.py:78} INFO - 25/01/16 19:37:53 INFO SecurityManager: Changing modify acls to: ibdn
[2025-01-16 19:37:53,047] {subprocess.py:78} INFO - 25/01/16 19:37:53 INFO SecurityManager: Changing view acls groups to:
[2025-01-16 19:37:53,047] {subprocess.py:78} INFO - 25/01/16 19:37:53 INFO SecurityManager: Changing modify acls groups to:
[2025-01-16 19:37:53,050] {subprocess.py:78} INFO - 25/01/16 19:37:53 INFO SecurityManager: SecurityManager: authentication disabled; ui acls disabled; users  with view permissions: Set(ibdn); groups with view permissions: Set(); users  with modify permissions: Set(ibdn); groups with modify permissions: Set()
[2025-01-16 19:37:53,545] {subprocess.py:78} INFO - 25/01/16 19:37:53 INFO Utils: Successfully started service 'sparkDriver' on port 35123.
[2025-01-16 19:37:53,658] {subprocess.py:78} INFO - 25/01/16 19:37:53 INFO SparkEnv: Registering MapOutputTracker
[2025-01-16 19:37:53,690] {subprocess.py:78} INFO - 25/01/16 19:37:53 INFO SparkEnv: Registering BlockManagerMaster
[2025-01-16 19:37:53,740] {subprocess.py:78} INFO - 25/01/16 19:37:53 INFO BlockManagerMasterEndpoint: Using org.apache.spark.storage.DefaultTopologyMapper for getting topology information
[2025-01-16 19:37:53,740] {subprocess.py:78} INFO - 25/01/16 19:37:53 INFO BlockManagerMasterEndpoint: BlockManagerMasterEndpoint up
[2025-01-16 19:37:53,741] {subprocess.py:78} INFO - 25/01/16 19:37:53 INFO SparkEnv: Registering BlockManagerMasterHeartbeat
[2025-01-16 19:37:53,766] {subprocess.py:78} INFO - 25/01/16 19:37:53 INFO DiskBlockManager: Created local directory at /tmp/blockmgr-3d4d67ff-e02f-42a1-acad-b75059b314e1
[2025-01-16 19:37:53,784] {subprocess.py:78} INFO - 25/01/16 19:37:53 INFO MemoryStore: MemoryStore started with capacity 434.4 MiB
[2025-01-16 19:37:53,798] {subprocess.py:78} INFO - 25/01/16 19:37:53 INFO SparkEnv: Registering OutputCommitCoordinator
[2025-01-16 19:37:54,121] {subprocess.py:78} INFO - 25/01/16 19:37:54 INFO Utils: Successfully started service 'SparkUI' on port 4040.
[2025-01-16 19:37:54,348] {subprocess.py:78} INFO - 25/01/16 19:37:54 INFO Executor: Starting executor ID driver on host 10.0.2.15
[2025-01-16 19:37:54,348] {subprocess.py:78} INFO - 25/01/16 19:37:54 INFO Executor: Starting executor with user classpath (userClassPathFirst = false): ''
[2025-01-16 19:37:54,417] {subprocess.py:78} INFO - 25/01/16 19:37:54 INFO Utils: Successfully started service 'org.apache.spark.network.netty.NettyBlockTransferService' on port 36407.
[2025-01-16 19:37:54,418] {subprocess.py:78} INFO - 25/01/16 19:37:54 INFO NettyBlockTransferService: Server created on 10.0.2.15:36407
[2025-01-16 19:37:54,419] {subprocess.py:78} INFO - 25/01/16 19:37:54 INFO BlockManager: Using org.apache.spark.storage.RandomBlockReplicationPolicy for block replication policy
[2025-01-16 19:37:54,440] {subprocess.py:78} INFO - 25/01/16 19:37:54 INFO BlockManagerMaster: Registering BlockManager BlockManagerId(driver, 10.0.2.15, 36407, None)
[2025-01-16 19:37:54,448] {subprocess.py:78} INFO - 25/01/16 19:37:54 INFO BlockManagerMasterEndpoint: Registering block manager 10.0.2.15:36407 with 434.4 MiB RAM, BlockManagerId(driver, 10.0.2.15, 36407, None)
[2025-01-16 19:37:54,468] {subprocess.py:78} INFO - 25/01/16 19:37:54 INFO BlockManagerMaster: Registered BlockManager BlockManagerId(driver, 10.0.2.15, 36407, None)
[2025-01-16 19:37:54,469] {subprocess.py:78} INFO - 25/01/16 19:37:54 INFO BlockManager: Initialized BlockManager: BlockManagerId(driver, 10.0.2.15, 36407, None)
[2025-01-16 19:37:54,989] {local_task_job.py:209} WARNING - State of this instance has been externally set to failed. Terminating instance.
[2025-01-16 19:37:55,001] {process_utils.py:100} INFO - Sending Signals.SIGTERM to GPID 312781
[2025-01-16 19:37:55,012] {taskinstance.py:1236} ERROR - Received SIGTERM. Terminating subprocesses.
[2025-01-16 19:37:55,012] {subprocess.py:88} INFO - Sending SIGTERM signal to process group
[2025-01-16 19:37:55,237] {process_utils.py:66} INFO - Process psutil.Process(pid=312783, status='terminated', started='19:37:49') (312783) terminated with exit code None
[2025-01-16 19:37:55,237] {process_utils.py:66} INFO - Process psutil.Process(pid=312781, status='terminated', exitcode=0, started='19:37:49') (312781) terminated with exit code 0
[2025-01-16 19:37:55,237] {process_utils.py:66} INFO - Process psutil.Process(pid=312910, status='terminated', started='19:37:52') (312910) terminated with exit code None
