[2025-01-16 19:24:31,657] {processor.py:162} INFO - Started process (PID=306902) to work on /home/ibdn/BDFI/practica_creativa/resources/airflow/dags/setup.py
[2025-01-16 19:24:31,658] {processor.py:613} INFO - Processing file /home/ibdn/BDFI/practica_creativa/resources/airflow/dags/setup.py for tasks to queue
[2025-01-16 19:24:31,658] {logging_mixin.py:109} INFO - [2025-01-16 19:24:31,658] {dagbag.py:496} INFO - Filling up the DagBag from /home/ibdn/BDFI/practica_creativa/resources/airflow/dags/setup.py
[2025-01-16 19:24:31,665] {processor.py:623} INFO - DAG(s) dict_keys(['agile_data_science_batch_prediction_model_training']) retrieved from /home/ibdn/BDFI/practica_creativa/resources/airflow/dags/setup.py
[2025-01-16 19:24:31,682] {logging_mixin.py:109} INFO - [2025-01-16 19:24:31,682] {dag.py:1834} INFO - Sync 1 DAGs
[2025-01-16 19:24:31,687] {logging_mixin.py:109} INFO - [2025-01-16 19:24:31,687] {dag.py:2287} INFO - Setting next_dagrun for agile_data_science_batch_prediction_model_training to None
[2025-01-16 19:24:31,700] {processor.py:170} INFO - Processing /home/ibdn/BDFI/practica_creativa/resources/airflow/dags/setup.py took 0.045 seconds
[2025-01-16 19:24:32,933] {processor.py:162} INFO - Started process (PID=306903) to work on /home/ibdn/BDFI/practica_creativa/resources/airflow/dags/setup.py
[2025-01-16 19:24:32,934] {processor.py:613} INFO - Processing file /home/ibdn/BDFI/practica_creativa/resources/airflow/dags/setup.py for tasks to queue
[2025-01-16 19:24:32,935] {logging_mixin.py:109} INFO - [2025-01-16 19:24:32,935] {dagbag.py:496} INFO - Filling up the DagBag from /home/ibdn/BDFI/practica_creativa/resources/airflow/dags/setup.py
[2025-01-16 19:24:32,942] {processor.py:623} INFO - DAG(s) dict_keys(['agile_data_science_batch_prediction_model_training']) retrieved from /home/ibdn/BDFI/practica_creativa/resources/airflow/dags/setup.py
[2025-01-16 19:24:32,951] {logging_mixin.py:109} INFO - [2025-01-16 19:24:32,951] {dag.py:1834} INFO - Sync 1 DAGs
[2025-01-16 19:24:32,956] {logging_mixin.py:109} INFO - [2025-01-16 19:24:32,956] {dag.py:2287} INFO - Setting next_dagrun for agile_data_science_batch_prediction_model_training to None
[2025-01-16 19:24:32,985] {processor.py:170} INFO - Processing /home/ibdn/BDFI/practica_creativa/resources/airflow/dags/setup.py took 0.053 seconds
[2025-01-16 19:24:34,086] {processor.py:162} INFO - Started process (PID=306915) to work on /home/ibdn/BDFI/practica_creativa/resources/airflow/dags/setup.py
[2025-01-16 19:24:34,087] {processor.py:613} INFO - Processing file /home/ibdn/BDFI/practica_creativa/resources/airflow/dags/setup.py for tasks to queue
[2025-01-16 19:24:34,087] {logging_mixin.py:109} INFO - [2025-01-16 19:24:34,087] {dagbag.py:496} INFO - Filling up the DagBag from /home/ibdn/BDFI/practica_creativa/resources/airflow/dags/setup.py
[2025-01-16 19:24:34,100] {processor.py:623} INFO - DAG(s) dict_keys(['agile_data_science_batch_prediction_model_training']) retrieved from /home/ibdn/BDFI/practica_creativa/resources/airflow/dags/setup.py
[2025-01-16 19:24:34,108] {logging_mixin.py:109} INFO - [2025-01-16 19:24:34,108] {dag.py:1834} INFO - Sync 1 DAGs
[2025-01-16 19:24:34,127] {logging_mixin.py:109} INFO - [2025-01-16 19:24:34,127] {dag.py:2287} INFO - Setting next_dagrun for agile_data_science_batch_prediction_model_training to None
[2025-01-16 19:24:34,159] {processor.py:170} INFO - Processing /home/ibdn/BDFI/practica_creativa/resources/airflow/dags/setup.py took 0.075 seconds
[2025-01-16 19:24:35,533] {processor.py:162} INFO - Started process (PID=306916) to work on /home/ibdn/BDFI/practica_creativa/resources/airflow/dags/setup.py
[2025-01-16 19:24:35,540] {processor.py:613} INFO - Processing file /home/ibdn/BDFI/practica_creativa/resources/airflow/dags/setup.py for tasks to queue
[2025-01-16 19:24:35,540] {logging_mixin.py:109} INFO - [2025-01-16 19:24:35,540] {dagbag.py:496} INFO - Filling up the DagBag from /home/ibdn/BDFI/practica_creativa/resources/airflow/dags/setup.py
[2025-01-16 19:24:35,547] {processor.py:623} INFO - DAG(s) dict_keys(['agile_data_science_batch_prediction_model_training']) retrieved from /home/ibdn/BDFI/practica_creativa/resources/airflow/dags/setup.py
[2025-01-16 19:24:35,565] {logging_mixin.py:109} INFO - [2025-01-16 19:24:35,565] {dag.py:1834} INFO - Sync 1 DAGs
[2025-01-16 19:24:35,575] {logging_mixin.py:109} INFO - [2025-01-16 19:24:35,575] {dag.py:2287} INFO - Setting next_dagrun for agile_data_science_batch_prediction_model_training to None
[2025-01-16 19:24:35,602] {processor.py:170} INFO - Processing /home/ibdn/BDFI/practica_creativa/resources/airflow/dags/setup.py took 0.070 seconds
[2025-01-16 19:24:37,704] {processor.py:162} INFO - Started process (PID=306918) to work on /home/ibdn/BDFI/practica_creativa/resources/airflow/dags/setup.py
[2025-01-16 19:24:37,708] {processor.py:613} INFO - Processing file /home/ibdn/BDFI/practica_creativa/resources/airflow/dags/setup.py for tasks to queue
[2025-01-16 19:24:37,711] {logging_mixin.py:109} INFO - [2025-01-16 19:24:37,711] {dagbag.py:496} INFO - Filling up the DagBag from /home/ibdn/BDFI/practica_creativa/resources/airflow/dags/setup.py
[2025-01-16 19:24:37,753] {processor.py:623} INFO - DAG(s) dict_keys(['agile_data_science_batch_prediction_model_training']) retrieved from /home/ibdn/BDFI/practica_creativa/resources/airflow/dags/setup.py
[2025-01-16 19:24:37,809] {logging_mixin.py:109} INFO - [2025-01-16 19:24:37,809] {dag.py:1834} INFO - Sync 1 DAGs
[2025-01-16 19:24:37,826] {logging_mixin.py:109} INFO - [2025-01-16 19:24:37,826] {dag.py:2287} INFO - Setting next_dagrun for agile_data_science_batch_prediction_model_training to None
[2025-01-16 19:24:37,902] {processor.py:170} INFO - Processing /home/ibdn/BDFI/practica_creativa/resources/airflow/dags/setup.py took 0.207 seconds
[2025-01-16 19:24:39,047] {processor.py:162} INFO - Started process (PID=306919) to work on /home/ibdn/BDFI/practica_creativa/resources/airflow/dags/setup.py
[2025-01-16 19:24:39,050] {processor.py:613} INFO - Processing file /home/ibdn/BDFI/practica_creativa/resources/airflow/dags/setup.py for tasks to queue
[2025-01-16 19:24:39,051] {logging_mixin.py:109} INFO - [2025-01-16 19:24:39,050] {dagbag.py:496} INFO - Filling up the DagBag from /home/ibdn/BDFI/practica_creativa/resources/airflow/dags/setup.py
[2025-01-16 19:24:39,087] {processor.py:623} INFO - DAG(s) dict_keys(['agile_data_science_batch_prediction_model_training']) retrieved from /home/ibdn/BDFI/practica_creativa/resources/airflow/dags/setup.py
[2025-01-16 19:24:39,145] {logging_mixin.py:109} INFO - [2025-01-16 19:24:39,145] {dag.py:1834} INFO - Sync 1 DAGs
[2025-01-16 19:24:39,189] {logging_mixin.py:109} INFO - [2025-01-16 19:24:39,189] {dag.py:2287} INFO - Setting next_dagrun for agile_data_science_batch_prediction_model_training to None
[2025-01-16 19:24:39,255] {processor.py:170} INFO - Processing /home/ibdn/BDFI/practica_creativa/resources/airflow/dags/setup.py took 0.213 seconds
[2025-01-16 19:24:40,454] {processor.py:162} INFO - Started process (PID=306920) to work on /home/ibdn/BDFI/practica_creativa/resources/airflow/dags/setup.py
[2025-01-16 19:24:40,457] {processor.py:613} INFO - Processing file /home/ibdn/BDFI/practica_creativa/resources/airflow/dags/setup.py for tasks to queue
[2025-01-16 19:24:40,462] {logging_mixin.py:109} INFO - [2025-01-16 19:24:40,461] {dagbag.py:496} INFO - Filling up the DagBag from /home/ibdn/BDFI/practica_creativa/resources/airflow/dags/setup.py
[2025-01-16 19:24:40,508] {processor.py:623} INFO - DAG(s) dict_keys(['agile_data_science_batch_prediction_model_training']) retrieved from /home/ibdn/BDFI/practica_creativa/resources/airflow/dags/setup.py
[2025-01-16 19:24:40,561] {logging_mixin.py:109} INFO - [2025-01-16 19:24:40,560] {dag.py:1834} INFO - Sync 1 DAGs
[2025-01-16 19:24:40,601] {logging_mixin.py:109} INFO - [2025-01-16 19:24:40,601] {dag.py:2287} INFO - Setting next_dagrun for agile_data_science_batch_prediction_model_training to None
[2025-01-16 19:24:40,663] {processor.py:170} INFO - Processing /home/ibdn/BDFI/practica_creativa/resources/airflow/dags/setup.py took 0.223 seconds
[2025-01-16 19:24:41,712] {processor.py:162} INFO - Started process (PID=306921) to work on /home/ibdn/BDFI/practica_creativa/resources/airflow/dags/setup.py
[2025-01-16 19:24:41,726] {processor.py:613} INFO - Processing file /home/ibdn/BDFI/practica_creativa/resources/airflow/dags/setup.py for tasks to queue
[2025-01-16 19:24:41,730] {logging_mixin.py:109} INFO - [2025-01-16 19:24:41,730] {dagbag.py:496} INFO - Filling up the DagBag from /home/ibdn/BDFI/practica_creativa/resources/airflow/dags/setup.py
[2025-01-16 19:24:41,764] {processor.py:623} INFO - DAG(s) dict_keys(['agile_data_science_batch_prediction_model_training']) retrieved from /home/ibdn/BDFI/practica_creativa/resources/airflow/dags/setup.py
[2025-01-16 19:24:41,799] {logging_mixin.py:109} INFO - [2025-01-16 19:24:41,799] {dag.py:1834} INFO - Sync 1 DAGs
[2025-01-16 19:24:41,820] {logging_mixin.py:109} INFO - [2025-01-16 19:24:41,820] {dag.py:2287} INFO - Setting next_dagrun for agile_data_science_batch_prediction_model_training to None
[2025-01-16 19:24:41,869] {processor.py:170} INFO - Processing /home/ibdn/BDFI/practica_creativa/resources/airflow/dags/setup.py took 0.163 seconds
[2025-01-16 19:24:43,039] {processor.py:162} INFO - Started process (PID=306922) to work on /home/ibdn/BDFI/practica_creativa/resources/airflow/dags/setup.py
[2025-01-16 19:24:43,040] {processor.py:613} INFO - Processing file /home/ibdn/BDFI/practica_creativa/resources/airflow/dags/setup.py for tasks to queue
[2025-01-16 19:24:43,040] {logging_mixin.py:109} INFO - [2025-01-16 19:24:43,040] {dagbag.py:496} INFO - Filling up the DagBag from /home/ibdn/BDFI/practica_creativa/resources/airflow/dags/setup.py
[2025-01-16 19:24:43,062] {processor.py:623} INFO - DAG(s) dict_keys(['agile_data_science_batch_prediction_model_training']) retrieved from /home/ibdn/BDFI/practica_creativa/resources/airflow/dags/setup.py
[2025-01-16 19:24:43,069] {logging_mixin.py:109} INFO - [2025-01-16 19:24:43,069] {dag.py:1834} INFO - Sync 1 DAGs
[2025-01-16 19:24:43,075] {logging_mixin.py:109} INFO - [2025-01-16 19:24:43,075] {dag.py:2287} INFO - Setting next_dagrun for agile_data_science_batch_prediction_model_training to None
[2025-01-16 19:24:43,114] {processor.py:170} INFO - Processing /home/ibdn/BDFI/practica_creativa/resources/airflow/dags/setup.py took 0.084 seconds
[2025-01-16 19:24:44,198] {processor.py:162} INFO - Started process (PID=306925) to work on /home/ibdn/BDFI/practica_creativa/resources/airflow/dags/setup.py
[2025-01-16 19:24:44,199] {processor.py:613} INFO - Processing file /home/ibdn/BDFI/practica_creativa/resources/airflow/dags/setup.py for tasks to queue
[2025-01-16 19:24:44,199] {logging_mixin.py:109} INFO - [2025-01-16 19:24:44,199] {dagbag.py:496} INFO - Filling up the DagBag from /home/ibdn/BDFI/practica_creativa/resources/airflow/dags/setup.py
[2025-01-16 19:24:44,237] {processor.py:623} INFO - DAG(s) dict_keys(['agile_data_science_batch_prediction_model_training']) retrieved from /home/ibdn/BDFI/practica_creativa/resources/airflow/dags/setup.py
[2025-01-16 19:24:44,255] {logging_mixin.py:109} INFO - [2025-01-16 19:24:44,255] {dag.py:1834} INFO - Sync 1 DAGs
[2025-01-16 19:24:44,260] {logging_mixin.py:109} INFO - [2025-01-16 19:24:44,260] {dag.py:2287} INFO - Setting next_dagrun for agile_data_science_batch_prediction_model_training to None
[2025-01-16 19:24:44,289] {processor.py:170} INFO - Processing /home/ibdn/BDFI/practica_creativa/resources/airflow/dags/setup.py took 0.093 seconds
[2025-01-16 19:24:45,361] {processor.py:162} INFO - Started process (PID=306930) to work on /home/ibdn/BDFI/practica_creativa/resources/airflow/dags/setup.py
[2025-01-16 19:24:45,362] {processor.py:613} INFO - Processing file /home/ibdn/BDFI/practica_creativa/resources/airflow/dags/setup.py for tasks to queue
[2025-01-16 19:24:45,363] {logging_mixin.py:109} INFO - [2025-01-16 19:24:45,363] {dagbag.py:496} INFO - Filling up the DagBag from /home/ibdn/BDFI/practica_creativa/resources/airflow/dags/setup.py
[2025-01-16 19:24:45,380] {processor.py:623} INFO - DAG(s) dict_keys(['agile_data_science_batch_prediction_model_training']) retrieved from /home/ibdn/BDFI/practica_creativa/resources/airflow/dags/setup.py
[2025-01-16 19:24:45,388] {logging_mixin.py:109} INFO - [2025-01-16 19:24:45,387] {dag.py:1834} INFO - Sync 1 DAGs
[2025-01-16 19:24:45,403] {logging_mixin.py:109} INFO - [2025-01-16 19:24:45,403] {dag.py:2287} INFO - Setting next_dagrun for agile_data_science_batch_prediction_model_training to None
[2025-01-16 19:24:45,416] {processor.py:170} INFO - Processing /home/ibdn/BDFI/practica_creativa/resources/airflow/dags/setup.py took 0.056 seconds
[2025-01-16 19:24:46,523] {processor.py:162} INFO - Started process (PID=306932) to work on /home/ibdn/BDFI/practica_creativa/resources/airflow/dags/setup.py
[2025-01-16 19:24:46,525] {processor.py:613} INFO - Processing file /home/ibdn/BDFI/practica_creativa/resources/airflow/dags/setup.py for tasks to queue
[2025-01-16 19:24:46,526] {logging_mixin.py:109} INFO - [2025-01-16 19:24:46,526] {dagbag.py:496} INFO - Filling up the DagBag from /home/ibdn/BDFI/practica_creativa/resources/airflow/dags/setup.py
[2025-01-16 19:24:46,532] {processor.py:623} INFO - DAG(s) dict_keys(['agile_data_science_batch_prediction_model_training']) retrieved from /home/ibdn/BDFI/practica_creativa/resources/airflow/dags/setup.py
[2025-01-16 19:24:46,558] {logging_mixin.py:109} INFO - [2025-01-16 19:24:46,558] {dag.py:1834} INFO - Sync 1 DAGs
[2025-01-16 19:24:46,566] {logging_mixin.py:109} INFO - [2025-01-16 19:24:46,566] {dag.py:2287} INFO - Setting next_dagrun for agile_data_science_batch_prediction_model_training to None
[2025-01-16 19:24:46,586] {processor.py:170} INFO - Processing /home/ibdn/BDFI/practica_creativa/resources/airflow/dags/setup.py took 0.064 seconds
[2025-01-16 19:24:47,039] {processor.py:162} INFO - Started process (PID=306941) to work on /home/ibdn/BDFI/practica_creativa/resources/airflow/dags/setup.py
[2025-01-16 19:24:47,040] {processor.py:613} INFO - Processing file /home/ibdn/BDFI/practica_creativa/resources/airflow/dags/setup.py for tasks to queue
[2025-01-16 19:24:47,041] {logging_mixin.py:109} INFO - [2025-01-16 19:24:47,040] {dagbag.py:496} INFO - Filling up the DagBag from /home/ibdn/BDFI/practica_creativa/resources/airflow/dags/setup.py
[2025-01-16 19:24:47,058] {processor.py:623} INFO - DAG(s) dict_keys(['agile_data_science_batch_prediction_model_training']) retrieved from /home/ibdn/BDFI/practica_creativa/resources/airflow/dags/setup.py
[2025-01-16 19:24:47,073] {logging_mixin.py:109} INFO - [2025-01-16 19:24:47,073] {dag.py:1834} INFO - Sync 1 DAGs
[2025-01-16 19:24:47,082] {logging_mixin.py:109} INFO - [2025-01-16 19:24:47,082] {dag.py:2287} INFO - Setting next_dagrun for agile_data_science_batch_prediction_model_training to None
[2025-01-16 19:24:47,112] {processor.py:170} INFO - Processing /home/ibdn/BDFI/practica_creativa/resources/airflow/dags/setup.py took 0.076 seconds
[2025-01-16 19:24:48,248] {processor.py:162} INFO - Started process (PID=306949) to work on /home/ibdn/BDFI/practica_creativa/resources/airflow/dags/setup.py
[2025-01-16 19:24:48,249] {processor.py:613} INFO - Processing file /home/ibdn/BDFI/practica_creativa/resources/airflow/dags/setup.py for tasks to queue
[2025-01-16 19:24:48,249] {logging_mixin.py:109} INFO - [2025-01-16 19:24:48,249] {dagbag.py:496} INFO - Filling up the DagBag from /home/ibdn/BDFI/practica_creativa/resources/airflow/dags/setup.py
[2025-01-16 19:24:48,266] {processor.py:623} INFO - DAG(s) dict_keys(['agile_data_science_batch_prediction_model_training']) retrieved from /home/ibdn/BDFI/practica_creativa/resources/airflow/dags/setup.py
[2025-01-16 19:24:48,274] {logging_mixin.py:109} INFO - [2025-01-16 19:24:48,274] {dag.py:1834} INFO - Sync 1 DAGs
[2025-01-16 19:24:48,290] {logging_mixin.py:109} INFO - [2025-01-16 19:24:48,290] {dag.py:2287} INFO - Setting next_dagrun for agile_data_science_batch_prediction_model_training to None
[2025-01-16 19:24:48,300] {processor.py:170} INFO - Processing /home/ibdn/BDFI/practica_creativa/resources/airflow/dags/setup.py took 0.054 seconds
[2025-01-16 19:24:49,380] {processor.py:162} INFO - Started process (PID=306962) to work on /home/ibdn/BDFI/practica_creativa/resources/airflow/dags/setup.py
[2025-01-16 19:24:49,381] {processor.py:613} INFO - Processing file /home/ibdn/BDFI/practica_creativa/resources/airflow/dags/setup.py for tasks to queue
[2025-01-16 19:24:49,381] {logging_mixin.py:109} INFO - [2025-01-16 19:24:49,381] {dagbag.py:496} INFO - Filling up the DagBag from /home/ibdn/BDFI/practica_creativa/resources/airflow/dags/setup.py
[2025-01-16 19:24:49,388] {processor.py:623} INFO - DAG(s) dict_keys(['agile_data_science_batch_prediction_model_training']) retrieved from /home/ibdn/BDFI/practica_creativa/resources/airflow/dags/setup.py
[2025-01-16 19:24:49,397] {logging_mixin.py:109} INFO - [2025-01-16 19:24:49,397] {dag.py:1834} INFO - Sync 1 DAGs
[2025-01-16 19:24:49,402] {logging_mixin.py:109} INFO - [2025-01-16 19:24:49,402] {dag.py:2287} INFO - Setting next_dagrun for agile_data_science_batch_prediction_model_training to None
[2025-01-16 19:24:49,411] {processor.py:170} INFO - Processing /home/ibdn/BDFI/practica_creativa/resources/airflow/dags/setup.py took 0.033 seconds
[2025-01-16 19:24:50,586] {processor.py:162} INFO - Started process (PID=306980) to work on /home/ibdn/BDFI/practica_creativa/resources/airflow/dags/setup.py
[2025-01-16 19:24:50,586] {processor.py:613} INFO - Processing file /home/ibdn/BDFI/practica_creativa/resources/airflow/dags/setup.py for tasks to queue
[2025-01-16 19:24:50,587] {logging_mixin.py:109} INFO - [2025-01-16 19:24:50,587] {dagbag.py:496} INFO - Filling up the DagBag from /home/ibdn/BDFI/practica_creativa/resources/airflow/dags/setup.py
[2025-01-16 19:24:50,593] {processor.py:623} INFO - DAG(s) dict_keys(['agile_data_science_batch_prediction_model_training']) retrieved from /home/ibdn/BDFI/practica_creativa/resources/airflow/dags/setup.py
[2025-01-16 19:24:50,603] {logging_mixin.py:109} INFO - [2025-01-16 19:24:50,603] {dag.py:1834} INFO - Sync 1 DAGs
[2025-01-16 19:24:50,612] {logging_mixin.py:109} INFO - [2025-01-16 19:24:50,612] {dag.py:2287} INFO - Setting next_dagrun for agile_data_science_batch_prediction_model_training to None
[2025-01-16 19:24:50,641] {processor.py:170} INFO - Processing /home/ibdn/BDFI/practica_creativa/resources/airflow/dags/setup.py took 0.065 seconds
[2025-01-16 19:24:51,741] {processor.py:162} INFO - Started process (PID=306981) to work on /home/ibdn/BDFI/practica_creativa/resources/airflow/dags/setup.py
[2025-01-16 19:24:51,742] {processor.py:613} INFO - Processing file /home/ibdn/BDFI/practica_creativa/resources/airflow/dags/setup.py for tasks to queue
[2025-01-16 19:24:51,742] {logging_mixin.py:109} INFO - [2025-01-16 19:24:51,742] {dagbag.py:496} INFO - Filling up the DagBag from /home/ibdn/BDFI/practica_creativa/resources/airflow/dags/setup.py
[2025-01-16 19:24:51,750] {processor.py:623} INFO - DAG(s) dict_keys(['agile_data_science_batch_prediction_model_training']) retrieved from /home/ibdn/BDFI/practica_creativa/resources/airflow/dags/setup.py
[2025-01-16 19:24:51,758] {logging_mixin.py:109} INFO - [2025-01-16 19:24:51,758] {dag.py:1834} INFO - Sync 1 DAGs
[2025-01-16 19:24:51,762] {logging_mixin.py:109} INFO - [2025-01-16 19:24:51,762] {dag.py:2287} INFO - Setting next_dagrun for agile_data_science_batch_prediction_model_training to None
[2025-01-16 19:24:51,790] {processor.py:170} INFO - Processing /home/ibdn/BDFI/practica_creativa/resources/airflow/dags/setup.py took 0.053 seconds
[2025-01-16 19:24:52,243] {processor.py:162} INFO - Started process (PID=306983) to work on /home/ibdn/BDFI/practica_creativa/resources/airflow/dags/setup.py
[2025-01-16 19:24:52,246] {processor.py:613} INFO - Processing file /home/ibdn/BDFI/practica_creativa/resources/airflow/dags/setup.py for tasks to queue
[2025-01-16 19:24:52,248] {logging_mixin.py:109} INFO - [2025-01-16 19:24:52,248] {dagbag.py:496} INFO - Filling up the DagBag from /home/ibdn/BDFI/practica_creativa/resources/airflow/dags/setup.py
[2025-01-16 19:24:52,274] {processor.py:623} INFO - DAG(s) dict_keys(['agile_data_science_batch_prediction_model_training']) retrieved from /home/ibdn/BDFI/practica_creativa/resources/airflow/dags/setup.py
[2025-01-16 19:24:52,299] {logging_mixin.py:109} INFO - [2025-01-16 19:24:52,299] {dag.py:1834} INFO - Sync 1 DAGs
[2025-01-16 19:24:52,316] {logging_mixin.py:109} INFO - [2025-01-16 19:24:52,316] {dag.py:2287} INFO - Setting next_dagrun for agile_data_science_batch_prediction_model_training to None
[2025-01-16 19:24:52,390] {processor.py:170} INFO - Processing /home/ibdn/BDFI/practica_creativa/resources/airflow/dags/setup.py took 0.162 seconds
[2025-01-16 19:24:53,722] {processor.py:162} INFO - Started process (PID=306984) to work on /home/ibdn/BDFI/practica_creativa/resources/airflow/dags/setup.py
[2025-01-16 19:24:53,735] {processor.py:613} INFO - Processing file /home/ibdn/BDFI/practica_creativa/resources/airflow/dags/setup.py for tasks to queue
[2025-01-16 19:24:53,737] {logging_mixin.py:109} INFO - [2025-01-16 19:24:53,737] {dagbag.py:496} INFO - Filling up the DagBag from /home/ibdn/BDFI/practica_creativa/resources/airflow/dags/setup.py
[2025-01-16 19:24:53,787] {processor.py:623} INFO - DAG(s) dict_keys(['agile_data_science_batch_prediction_model_training']) retrieved from /home/ibdn/BDFI/practica_creativa/resources/airflow/dags/setup.py
[2025-01-16 19:24:53,815] {logging_mixin.py:109} INFO - [2025-01-16 19:24:53,815] {dag.py:1834} INFO - Sync 1 DAGs
[2025-01-16 19:24:53,836] {logging_mixin.py:109} INFO - [2025-01-16 19:24:53,836] {dag.py:2287} INFO - Setting next_dagrun for agile_data_science_batch_prediction_model_training to None
[2025-01-16 19:24:53,936] {processor.py:170} INFO - Processing /home/ibdn/BDFI/practica_creativa/resources/airflow/dags/setup.py took 0.223 seconds
[2025-01-16 19:24:55,173] {processor.py:162} INFO - Started process (PID=306985) to work on /home/ibdn/BDFI/practica_creativa/resources/airflow/dags/setup.py
[2025-01-16 19:24:55,178] {processor.py:613} INFO - Processing file /home/ibdn/BDFI/practica_creativa/resources/airflow/dags/setup.py for tasks to queue
[2025-01-16 19:24:55,183] {logging_mixin.py:109} INFO - [2025-01-16 19:24:55,183] {dagbag.py:496} INFO - Filling up the DagBag from /home/ibdn/BDFI/practica_creativa/resources/airflow/dags/setup.py
[2025-01-16 19:24:55,208] {processor.py:623} INFO - DAG(s) dict_keys(['agile_data_science_batch_prediction_model_training']) retrieved from /home/ibdn/BDFI/practica_creativa/resources/airflow/dags/setup.py
[2025-01-16 19:24:55,243] {logging_mixin.py:109} INFO - [2025-01-16 19:24:55,243] {dag.py:1834} INFO - Sync 1 DAGs
[2025-01-16 19:24:55,261] {logging_mixin.py:109} INFO - [2025-01-16 19:24:55,260] {dag.py:2287} INFO - Setting next_dagrun for agile_data_science_batch_prediction_model_training to None
[2025-01-16 19:24:55,330] {processor.py:170} INFO - Processing /home/ibdn/BDFI/practica_creativa/resources/airflow/dags/setup.py took 0.162 seconds
[2025-01-16 19:24:56,635] {processor.py:162} INFO - Started process (PID=306986) to work on /home/ibdn/BDFI/practica_creativa/resources/airflow/dags/setup.py
[2025-01-16 19:24:56,638] {processor.py:613} INFO - Processing file /home/ibdn/BDFI/practica_creativa/resources/airflow/dags/setup.py for tasks to queue
[2025-01-16 19:24:56,639] {logging_mixin.py:109} INFO - [2025-01-16 19:24:56,639] {dagbag.py:496} INFO - Filling up the DagBag from /home/ibdn/BDFI/practica_creativa/resources/airflow/dags/setup.py
[2025-01-16 19:24:56,662] {processor.py:623} INFO - DAG(s) dict_keys(['agile_data_science_batch_prediction_model_training']) retrieved from /home/ibdn/BDFI/practica_creativa/resources/airflow/dags/setup.py
[2025-01-16 19:24:56,740] {logging_mixin.py:109} INFO - [2025-01-16 19:24:56,740] {dag.py:1834} INFO - Sync 1 DAGs
[2025-01-16 19:24:56,766] {logging_mixin.py:109} INFO - [2025-01-16 19:24:56,766] {dag.py:2287} INFO - Setting next_dagrun for agile_data_science_batch_prediction_model_training to None
[2025-01-16 19:24:56,840] {processor.py:170} INFO - Processing /home/ibdn/BDFI/practica_creativa/resources/airflow/dags/setup.py took 0.213 seconds
[2025-01-16 19:24:57,706] {processor.py:162} INFO - Started process (PID=306987) to work on /home/ibdn/BDFI/practica_creativa/resources/airflow/dags/setup.py
[2025-01-16 19:24:57,709] {processor.py:613} INFO - Processing file /home/ibdn/BDFI/practica_creativa/resources/airflow/dags/setup.py for tasks to queue
[2025-01-16 19:24:57,711] {logging_mixin.py:109} INFO - [2025-01-16 19:24:57,710] {dagbag.py:496} INFO - Filling up the DagBag from /home/ibdn/BDFI/practica_creativa/resources/airflow/dags/setup.py
[2025-01-16 19:24:57,737] {processor.py:623} INFO - DAG(s) dict_keys(['agile_data_science_batch_prediction_model_training']) retrieved from /home/ibdn/BDFI/practica_creativa/resources/airflow/dags/setup.py
[2025-01-16 19:24:57,769] {logging_mixin.py:109} INFO - [2025-01-16 19:24:57,769] {dag.py:1834} INFO - Sync 1 DAGs
[2025-01-16 19:24:57,822] {logging_mixin.py:109} INFO - [2025-01-16 19:24:57,821] {dag.py:2287} INFO - Setting next_dagrun for agile_data_science_batch_prediction_model_training to None
[2025-01-16 19:24:57,898] {processor.py:170} INFO - Processing /home/ibdn/BDFI/practica_creativa/resources/airflow/dags/setup.py took 0.199 seconds
[2025-01-16 19:24:59,202] {processor.py:162} INFO - Started process (PID=306988) to work on /home/ibdn/BDFI/practica_creativa/resources/airflow/dags/setup.py
[2025-01-16 19:24:59,203] {processor.py:613} INFO - Processing file /home/ibdn/BDFI/practica_creativa/resources/airflow/dags/setup.py for tasks to queue
[2025-01-16 19:24:59,204] {logging_mixin.py:109} INFO - [2025-01-16 19:24:59,204] {dagbag.py:496} INFO - Filling up the DagBag from /home/ibdn/BDFI/practica_creativa/resources/airflow/dags/setup.py
[2025-01-16 19:24:59,211] {processor.py:623} INFO - DAG(s) dict_keys(['agile_data_science_batch_prediction_model_training']) retrieved from /home/ibdn/BDFI/practica_creativa/resources/airflow/dags/setup.py
[2025-01-16 19:24:59,219] {logging_mixin.py:109} INFO - [2025-01-16 19:24:59,219] {dag.py:1834} INFO - Sync 1 DAGs
[2025-01-16 19:24:59,224] {logging_mixin.py:109} INFO - [2025-01-16 19:24:59,224] {dag.py:2287} INFO - Setting next_dagrun for agile_data_science_batch_prediction_model_training to None
[2025-01-16 19:24:59,283] {processor.py:170} INFO - Processing /home/ibdn/BDFI/practica_creativa/resources/airflow/dags/setup.py took 0.082 seconds
[2025-01-16 19:25:00,399] {processor.py:162} INFO - Started process (PID=306989) to work on /home/ibdn/BDFI/practica_creativa/resources/airflow/dags/setup.py
[2025-01-16 19:25:00,399] {processor.py:613} INFO - Processing file /home/ibdn/BDFI/practica_creativa/resources/airflow/dags/setup.py for tasks to queue
[2025-01-16 19:25:00,400] {logging_mixin.py:109} INFO - [2025-01-16 19:25:00,400] {dagbag.py:496} INFO - Filling up the DagBag from /home/ibdn/BDFI/practica_creativa/resources/airflow/dags/setup.py
[2025-01-16 19:25:00,407] {processor.py:623} INFO - DAG(s) dict_keys(['agile_data_science_batch_prediction_model_training']) retrieved from /home/ibdn/BDFI/practica_creativa/resources/airflow/dags/setup.py
[2025-01-16 19:25:00,432] {logging_mixin.py:109} INFO - [2025-01-16 19:25:00,423] {dag.py:1834} INFO - Sync 1 DAGs
[2025-01-16 19:25:00,436] {logging_mixin.py:109} INFO - [2025-01-16 19:25:00,436] {dag.py:2287} INFO - Setting next_dagrun for agile_data_science_batch_prediction_model_training to None
[2025-01-16 19:25:00,458] {processor.py:170} INFO - Processing /home/ibdn/BDFI/practica_creativa/resources/airflow/dags/setup.py took 0.061 seconds
[2025-01-16 19:25:01,586] {processor.py:162} INFO - Started process (PID=306990) to work on /home/ibdn/BDFI/practica_creativa/resources/airflow/dags/setup.py
[2025-01-16 19:25:01,587] {processor.py:613} INFO - Processing file /home/ibdn/BDFI/practica_creativa/resources/airflow/dags/setup.py for tasks to queue
[2025-01-16 19:25:01,588] {logging_mixin.py:109} INFO - [2025-01-16 19:25:01,587] {dagbag.py:496} INFO - Filling up the DagBag from /home/ibdn/BDFI/practica_creativa/resources/airflow/dags/setup.py
[2025-01-16 19:25:01,595] {processor.py:623} INFO - DAG(s) dict_keys(['agile_data_science_batch_prediction_model_training']) retrieved from /home/ibdn/BDFI/practica_creativa/resources/airflow/dags/setup.py
[2025-01-16 19:25:01,613] {logging_mixin.py:109} INFO - [2025-01-16 19:25:01,613] {dag.py:1834} INFO - Sync 1 DAGs
[2025-01-16 19:25:01,622] {logging_mixin.py:109} INFO - [2025-01-16 19:25:01,622] {dag.py:2287} INFO - Setting next_dagrun for agile_data_science_batch_prediction_model_training to None
[2025-01-16 19:25:01,683] {processor.py:170} INFO - Processing /home/ibdn/BDFI/practica_creativa/resources/airflow/dags/setup.py took 0.099 seconds
[2025-01-16 19:25:02,786] {processor.py:162} INFO - Started process (PID=306991) to work on /home/ibdn/BDFI/practica_creativa/resources/airflow/dags/setup.py
[2025-01-16 19:25:02,787] {processor.py:613} INFO - Processing file /home/ibdn/BDFI/practica_creativa/resources/airflow/dags/setup.py for tasks to queue
[2025-01-16 19:25:02,787] {logging_mixin.py:109} INFO - [2025-01-16 19:25:02,787] {dagbag.py:496} INFO - Filling up the DagBag from /home/ibdn/BDFI/practica_creativa/resources/airflow/dags/setup.py
[2025-01-16 19:25:02,794] {processor.py:623} INFO - DAG(s) dict_keys(['agile_data_science_batch_prediction_model_training']) retrieved from /home/ibdn/BDFI/practica_creativa/resources/airflow/dags/setup.py
[2025-01-16 19:25:02,809] {logging_mixin.py:109} INFO - [2025-01-16 19:25:02,809] {dag.py:1834} INFO - Sync 1 DAGs
[2025-01-16 19:25:02,829] {logging_mixin.py:109} INFO - [2025-01-16 19:25:02,829] {dag.py:2287} INFO - Setting next_dagrun for agile_data_science_batch_prediction_model_training to None
[2025-01-16 19:25:02,856] {processor.py:170} INFO - Processing /home/ibdn/BDFI/practica_creativa/resources/airflow/dags/setup.py took 0.071 seconds
[2025-01-16 19:25:03,204] {processor.py:162} INFO - Started process (PID=306992) to work on /home/ibdn/BDFI/practica_creativa/resources/airflow/dags/setup.py
[2025-01-16 19:25:03,208] {processor.py:613} INFO - Processing file /home/ibdn/BDFI/practica_creativa/resources/airflow/dags/setup.py for tasks to queue
[2025-01-16 19:25:03,209] {logging_mixin.py:109} INFO - [2025-01-16 19:25:03,209] {dagbag.py:496} INFO - Filling up the DagBag from /home/ibdn/BDFI/practica_creativa/resources/airflow/dags/setup.py
[2025-01-16 19:25:03,224] {processor.py:623} INFO - DAG(s) dict_keys(['agile_data_science_batch_prediction_model_training']) retrieved from /home/ibdn/BDFI/practica_creativa/resources/airflow/dags/setup.py
[2025-01-16 19:25:03,242] {logging_mixin.py:109} INFO - [2025-01-16 19:25:03,242] {dag.py:1834} INFO - Sync 1 DAGs
[2025-01-16 19:25:03,247] {logging_mixin.py:109} INFO - [2025-01-16 19:25:03,247] {dag.py:2287} INFO - Setting next_dagrun for agile_data_science_batch_prediction_model_training to None
[2025-01-16 19:25:03,260] {processor.py:170} INFO - Processing /home/ibdn/BDFI/practica_creativa/resources/airflow/dags/setup.py took 0.058 seconds
[2025-01-16 19:25:04,376] {processor.py:162} INFO - Started process (PID=306993) to work on /home/ibdn/BDFI/practica_creativa/resources/airflow/dags/setup.py
[2025-01-16 19:25:04,381] {processor.py:613} INFO - Processing file /home/ibdn/BDFI/practica_creativa/resources/airflow/dags/setup.py for tasks to queue
[2025-01-16 19:25:04,381] {logging_mixin.py:109} INFO - [2025-01-16 19:25:04,381] {dagbag.py:496} INFO - Filling up the DagBag from /home/ibdn/BDFI/practica_creativa/resources/airflow/dags/setup.py
[2025-01-16 19:25:04,388] {processor.py:623} INFO - DAG(s) dict_keys(['agile_data_science_batch_prediction_model_training']) retrieved from /home/ibdn/BDFI/practica_creativa/resources/airflow/dags/setup.py
[2025-01-16 19:25:04,408] {logging_mixin.py:109} INFO - [2025-01-16 19:25:04,408] {dag.py:1834} INFO - Sync 1 DAGs
[2025-01-16 19:25:04,417] {logging_mixin.py:109} INFO - [2025-01-16 19:25:04,417] {dag.py:2287} INFO - Setting next_dagrun for agile_data_science_batch_prediction_model_training to None
[2025-01-16 19:25:04,450] {processor.py:170} INFO - Processing /home/ibdn/BDFI/practica_creativa/resources/airflow/dags/setup.py took 0.076 seconds
[2025-01-16 19:25:05,507] {processor.py:162} INFO - Started process (PID=306994) to work on /home/ibdn/BDFI/practica_creativa/resources/airflow/dags/setup.py
[2025-01-16 19:25:05,507] {processor.py:613} INFO - Processing file /home/ibdn/BDFI/practica_creativa/resources/airflow/dags/setup.py for tasks to queue
[2025-01-16 19:25:05,508] {logging_mixin.py:109} INFO - [2025-01-16 19:25:05,508] {dagbag.py:496} INFO - Filling up the DagBag from /home/ibdn/BDFI/practica_creativa/resources/airflow/dags/setup.py
[2025-01-16 19:25:05,514] {processor.py:623} INFO - DAG(s) dict_keys(['agile_data_science_batch_prediction_model_training']) retrieved from /home/ibdn/BDFI/practica_creativa/resources/airflow/dags/setup.py
[2025-01-16 19:25:05,553] {logging_mixin.py:109} INFO - [2025-01-16 19:25:05,552] {dag.py:1834} INFO - Sync 1 DAGs
[2025-01-16 19:25:05,558] {logging_mixin.py:109} INFO - [2025-01-16 19:25:05,558] {dag.py:2287} INFO - Setting next_dagrun for agile_data_science_batch_prediction_model_training to None
[2025-01-16 19:25:05,572] {processor.py:170} INFO - Processing /home/ibdn/BDFI/practica_creativa/resources/airflow/dags/setup.py took 0.068 seconds
[2025-01-16 19:25:06,704] {processor.py:162} INFO - Started process (PID=306996) to work on /home/ibdn/BDFI/practica_creativa/resources/airflow/dags/setup.py
[2025-01-16 19:25:06,711] {processor.py:613} INFO - Processing file /home/ibdn/BDFI/practica_creativa/resources/airflow/dags/setup.py for tasks to queue
[2025-01-16 19:25:06,716] {logging_mixin.py:109} INFO - [2025-01-16 19:25:06,716] {dagbag.py:496} INFO - Filling up the DagBag from /home/ibdn/BDFI/practica_creativa/resources/airflow/dags/setup.py
[2025-01-16 19:25:06,724] {processor.py:623} INFO - DAG(s) dict_keys(['agile_data_science_batch_prediction_model_training']) retrieved from /home/ibdn/BDFI/practica_creativa/resources/airflow/dags/setup.py
[2025-01-16 19:25:06,763] {logging_mixin.py:109} INFO - [2025-01-16 19:25:06,763] {dag.py:1834} INFO - Sync 1 DAGs
[2025-01-16 19:25:06,773] {logging_mixin.py:109} INFO - [2025-01-16 19:25:06,773] {dag.py:2287} INFO - Setting next_dagrun for agile_data_science_batch_prediction_model_training to None
[2025-01-16 19:25:06,810] {processor.py:170} INFO - Processing /home/ibdn/BDFI/practica_creativa/resources/airflow/dags/setup.py took 0.108 seconds
[2025-01-16 19:28:38,498] {processor.py:162} INFO - Started process (PID=307982) to work on /home/ibdn/BDFI/practica_creativa/resources/airflow/dags/setup.py
[2025-01-16 19:28:38,501] {processor.py:613} INFO - Processing file /home/ibdn/BDFI/practica_creativa/resources/airflow/dags/setup.py for tasks to queue
[2025-01-16 19:28:38,501] {logging_mixin.py:109} INFO - [2025-01-16 19:28:38,501] {dagbag.py:496} INFO - Filling up the DagBag from /home/ibdn/BDFI/practica_creativa/resources/airflow/dags/setup.py
[2025-01-16 19:28:38,510] {processor.py:623} INFO - DAG(s) dict_keys(['agile_data_science_batch_prediction_model_training']) retrieved from /home/ibdn/BDFI/practica_creativa/resources/airflow/dags/setup.py
[2025-01-16 19:28:38,677] {logging_mixin.py:109} INFO - [2025-01-16 19:28:38,677] {dag.py:1834} INFO - Sync 1 DAGs
[2025-01-16 19:28:38,681] {logging_mixin.py:109} INFO - [2025-01-16 19:28:38,681] {dag.py:2287} INFO - Setting next_dagrun for agile_data_science_batch_prediction_model_training to 2016-12-01 00:00:00+00:00
[2025-01-16 19:28:38,693] {processor.py:170} INFO - Processing /home/ibdn/BDFI/practica_creativa/resources/airflow/dags/setup.py took 0.198 seconds
[2025-01-16 19:30:02,544] {processor.py:162} INFO - Started process (PID=308590) to work on /home/ibdn/BDFI/practica_creativa/resources/airflow/dags/setup.py
[2025-01-16 19:30:02,545] {processor.py:613} INFO - Processing file /home/ibdn/BDFI/practica_creativa/resources/airflow/dags/setup.py for tasks to queue
[2025-01-16 19:30:02,546] {logging_mixin.py:109} INFO - [2025-01-16 19:30:02,546] {dagbag.py:496} INFO - Filling up the DagBag from /home/ibdn/BDFI/practica_creativa/resources/airflow/dags/setup.py
[2025-01-16 19:30:02,559] {processor.py:623} INFO - DAG(s) dict_keys(['agile_data_science_batch_prediction_model_training']) retrieved from /home/ibdn/BDFI/practica_creativa/resources/airflow/dags/setup.py
[2025-01-16 19:30:02,570] {logging_mixin.py:109} INFO - [2025-01-16 19:30:02,570] {dag.py:1834} INFO - Sync 1 DAGs
[2025-01-16 19:30:02,584] {logging_mixin.py:109} INFO - [2025-01-16 19:30:02,584] {dag.py:2287} INFO - Setting next_dagrun for agile_data_science_batch_prediction_model_training to 2016-12-02 00:00:00+00:00
[2025-01-16 19:30:02,608] {processor.py:170} INFO - Processing /home/ibdn/BDFI/practica_creativa/resources/airflow/dags/setup.py took 0.075 seconds
[2025-01-16 19:30:07,912] {processor.py:162} INFO - Started process (PID=308694) to work on /home/ibdn/BDFI/practica_creativa/resources/airflow/dags/setup.py
[2025-01-16 19:30:07,917] {processor.py:613} INFO - Processing file /home/ibdn/BDFI/practica_creativa/resources/airflow/dags/setup.py for tasks to queue
[2025-01-16 19:30:07,917] {logging_mixin.py:109} INFO - [2025-01-16 19:30:07,917] {dagbag.py:496} INFO - Filling up the DagBag from /home/ibdn/BDFI/practica_creativa/resources/airflow/dags/setup.py
[2025-01-16 19:30:07,922] {processor.py:623} INFO - DAG(s) dict_keys(['agile_data_science_batch_prediction_model_training']) retrieved from /home/ibdn/BDFI/practica_creativa/resources/airflow/dags/setup.py
[2025-01-16 19:30:07,942] {logging_mixin.py:109} INFO - [2025-01-16 19:30:07,942] {dag.py:1834} INFO - Sync 1 DAGs
[2025-01-16 19:30:07,948] {logging_mixin.py:109} INFO - [2025-01-16 19:30:07,948] {dag.py:2287} INFO - Setting next_dagrun for agile_data_science_batch_prediction_model_training to 2016-12-03 00:00:00+00:00
[2025-01-16 19:30:07,969] {processor.py:170} INFO - Processing /home/ibdn/BDFI/practica_creativa/resources/airflow/dags/setup.py took 0.059 seconds
[2025-01-16 19:33:06,121] {processor.py:162} INFO - Started process (PID=310554) to work on /home/ibdn/BDFI/practica_creativa/resources/airflow/dags/setup.py
[2025-01-16 19:33:06,122] {processor.py:613} INFO - Processing file /home/ibdn/BDFI/practica_creativa/resources/airflow/dags/setup.py for tasks to queue
[2025-01-16 19:33:06,123] {logging_mixin.py:109} INFO - [2025-01-16 19:33:06,123] {dagbag.py:496} INFO - Filling up the DagBag from /home/ibdn/BDFI/practica_creativa/resources/airflow/dags/setup.py
[2025-01-16 19:33:06,135] {processor.py:623} INFO - DAG(s) dict_keys(['agile_data_science_batch_prediction_model_training']) retrieved from /home/ibdn/BDFI/practica_creativa/resources/airflow/dags/setup.py
[2025-01-16 19:33:06,145] {logging_mixin.py:109} INFO - [2025-01-16 19:33:06,145] {dag.py:1834} INFO - Sync 1 DAGs
[2025-01-16 19:33:06,150] {logging_mixin.py:109} INFO - [2025-01-16 19:33:06,150] {dag.py:2287} INFO - Setting next_dagrun for agile_data_science_batch_prediction_model_training to 2016-12-04 00:00:00+00:00
[2025-01-16 19:33:06,159] {processor.py:170} INFO - Processing /home/ibdn/BDFI/practica_creativa/resources/airflow/dags/setup.py took 0.040 seconds
[2025-01-16 19:33:13,537] {processor.py:162} INFO - Started process (PID=310691) to work on /home/ibdn/BDFI/practica_creativa/resources/airflow/dags/setup.py
[2025-01-16 19:33:13,539] {processor.py:613} INFO - Processing file /home/ibdn/BDFI/practica_creativa/resources/airflow/dags/setup.py for tasks to queue
[2025-01-16 19:33:13,541] {logging_mixin.py:109} INFO - [2025-01-16 19:33:13,541] {dagbag.py:496} INFO - Filling up the DagBag from /home/ibdn/BDFI/practica_creativa/resources/airflow/dags/setup.py
[2025-01-16 19:33:13,547] {processor.py:623} INFO - DAG(s) dict_keys(['agile_data_science_batch_prediction_model_training']) retrieved from /home/ibdn/BDFI/practica_creativa/resources/airflow/dags/setup.py
[2025-01-16 19:33:13,555] {logging_mixin.py:109} INFO - [2025-01-16 19:33:13,555] {dag.py:1834} INFO - Sync 1 DAGs
[2025-01-16 19:33:13,562] {logging_mixin.py:109} INFO - [2025-01-16 19:33:13,562] {dag.py:2287} INFO - Setting next_dagrun for agile_data_science_batch_prediction_model_training to 2016-12-05 00:00:00+00:00
[2025-01-16 19:33:13,573] {processor.py:170} INFO - Processing /home/ibdn/BDFI/practica_creativa/resources/airflow/dags/setup.py took 0.038 seconds
[2025-01-16 19:37:45,214] {processor.py:162} INFO - Started process (PID=312682) to work on /home/ibdn/BDFI/practica_creativa/resources/airflow/dags/setup.py
[2025-01-16 19:37:45,215] {processor.py:613} INFO - Processing file /home/ibdn/BDFI/practica_creativa/resources/airflow/dags/setup.py for tasks to queue
[2025-01-16 19:37:45,215] {logging_mixin.py:109} INFO - [2025-01-16 19:37:45,215] {dagbag.py:496} INFO - Filling up the DagBag from /home/ibdn/BDFI/practica_creativa/resources/airflow/dags/setup.py
[2025-01-16 19:37:45,222] {processor.py:623} INFO - DAG(s) dict_keys(['agile_data_science_batch_prediction_model_training']) retrieved from /home/ibdn/BDFI/practica_creativa/resources/airflow/dags/setup.py
[2025-01-16 19:37:45,232] {logging_mixin.py:109} INFO - [2025-01-16 19:37:45,231] {dag.py:1834} INFO - Sync 1 DAGs
[2025-01-16 19:37:45,237] {logging_mixin.py:109} INFO - [2025-01-16 19:37:45,237] {dag.py:2287} INFO - Setting next_dagrun for agile_data_science_batch_prediction_model_training to 2016-12-06 00:00:00+00:00
[2025-01-16 19:37:45,247] {processor.py:170} INFO - Processing /home/ibdn/BDFI/practica_creativa/resources/airflow/dags/setup.py took 0.036 seconds
[2025-01-16 19:37:49,055] {processor.py:162} INFO - Started process (PID=312774) to work on /home/ibdn/BDFI/practica_creativa/resources/airflow/dags/setup.py
[2025-01-16 19:37:49,057] {processor.py:613} INFO - Processing file /home/ibdn/BDFI/practica_creativa/resources/airflow/dags/setup.py for tasks to queue
[2025-01-16 19:37:49,058] {logging_mixin.py:109} INFO - [2025-01-16 19:37:49,058] {dagbag.py:496} INFO - Filling up the DagBag from /home/ibdn/BDFI/practica_creativa/resources/airflow/dags/setup.py
[2025-01-16 19:37:49,069] {processor.py:623} INFO - DAG(s) dict_keys(['agile_data_science_batch_prediction_model_training']) retrieved from /home/ibdn/BDFI/practica_creativa/resources/airflow/dags/setup.py
[2025-01-16 19:37:49,079] {logging_mixin.py:109} INFO - [2025-01-16 19:37:49,078] {dag.py:1834} INFO - Sync 1 DAGs
[2025-01-16 19:37:49,084] {logging_mixin.py:109} INFO - [2025-01-16 19:37:49,084] {dag.py:2287} INFO - Setting next_dagrun for agile_data_science_batch_prediction_model_training to 2016-12-07 00:00:00+00:00
[2025-01-16 19:37:49,094] {processor.py:170} INFO - Processing /home/ibdn/BDFI/practica_creativa/resources/airflow/dags/setup.py took 0.047 seconds
[2025-01-16 19:41:09,187] {processor.py:162} INFO - Started process (PID=316467) to work on /home/ibdn/BDFI/practica_creativa/resources/airflow/dags/setup.py
[2025-01-16 19:41:09,189] {processor.py:613} INFO - Processing file /home/ibdn/BDFI/practica_creativa/resources/airflow/dags/setup.py for tasks to queue
[2025-01-16 19:41:09,190] {logging_mixin.py:109} INFO - [2025-01-16 19:41:09,190] {dagbag.py:496} INFO - Filling up the DagBag from /home/ibdn/BDFI/practica_creativa/resources/airflow/dags/setup.py
[2025-01-16 19:41:09,195] {processor.py:623} INFO - DAG(s) dict_keys(['agile_data_science_batch_prediction_model_training']) retrieved from /home/ibdn/BDFI/practica_creativa/resources/airflow/dags/setup.py
[2025-01-16 19:41:09,203] {logging_mixin.py:109} INFO - [2025-01-16 19:41:09,202] {dag.py:1834} INFO - Sync 1 DAGs
[2025-01-16 19:41:09,207] {logging_mixin.py:109} INFO - [2025-01-16 19:41:09,207] {dag.py:2287} INFO - Setting next_dagrun for agile_data_science_batch_prediction_model_training to 2016-12-08 00:00:00+00:00
[2025-01-16 19:41:09,217] {processor.py:170} INFO - Processing /home/ibdn/BDFI/practica_creativa/resources/airflow/dags/setup.py took 0.031 seconds
[2025-01-16 19:42:29,344] {processor.py:162} INFO - Started process (PID=317764) to work on /home/ibdn/BDFI/practica_creativa/resources/airflow/dags/setup.py
[2025-01-16 19:42:29,349] {processor.py:613} INFO - Processing file /home/ibdn/BDFI/practica_creativa/resources/airflow/dags/setup.py for tasks to queue
[2025-01-16 19:42:29,350] {logging_mixin.py:109} INFO - [2025-01-16 19:42:29,350] {dagbag.py:496} INFO - Filling up the DagBag from /home/ibdn/BDFI/practica_creativa/resources/airflow/dags/setup.py
[2025-01-16 19:42:29,355] {processor.py:623} INFO - DAG(s) dict_keys(['agile_data_science_batch_prediction_model_training']) retrieved from /home/ibdn/BDFI/practica_creativa/resources/airflow/dags/setup.py
[2025-01-16 19:42:29,385] {logging_mixin.py:109} INFO - [2025-01-16 19:42:29,385] {dag.py:1834} INFO - Sync 1 DAGs
[2025-01-16 19:42:29,406] {logging_mixin.py:109} INFO - [2025-01-16 19:42:29,406] {dag.py:2287} INFO - Setting next_dagrun for agile_data_science_batch_prediction_model_training to 2016-12-09 00:00:00+00:00
[2025-01-16 19:42:29,435] {processor.py:170} INFO - Processing /home/ibdn/BDFI/practica_creativa/resources/airflow/dags/setup.py took 0.093 seconds
[2025-01-16 19:44:54,108] {processor.py:162} INFO - Started process (PID=319910) to work on /home/ibdn/BDFI/practica_creativa/resources/airflow/dags/setup.py
[2025-01-16 19:44:54,112] {processor.py:613} INFO - Processing file /home/ibdn/BDFI/practica_creativa/resources/airflow/dags/setup.py for tasks to queue
[2025-01-16 19:44:54,112] {logging_mixin.py:109} INFO - [2025-01-16 19:44:54,112] {dagbag.py:496} INFO - Filling up the DagBag from /home/ibdn/BDFI/practica_creativa/resources/airflow/dags/setup.py
[2025-01-16 19:44:54,120] {processor.py:623} INFO - DAG(s) dict_keys(['agile_data_science_batch_prediction_model_training']) retrieved from /home/ibdn/BDFI/practica_creativa/resources/airflow/dags/setup.py
[2025-01-16 19:44:54,135] {logging_mixin.py:109} INFO - [2025-01-16 19:44:54,135] {dag.py:1834} INFO - Sync 1 DAGs
[2025-01-16 19:44:54,141] {logging_mixin.py:109} INFO - [2025-01-16 19:44:54,141] {dag.py:2287} INFO - Setting next_dagrun for agile_data_science_batch_prediction_model_training to 2016-12-10 00:00:00+00:00
[2025-01-16 19:44:54,151] {processor.py:170} INFO - Processing /home/ibdn/BDFI/practica_creativa/resources/airflow/dags/setup.py took 0.045 seconds
[2025-01-16 19:44:57,474] {processor.py:162} INFO - Started process (PID=320042) to work on /home/ibdn/BDFI/practica_creativa/resources/airflow/dags/setup.py
[2025-01-16 19:44:57,478] {processor.py:613} INFO - Processing file /home/ibdn/BDFI/practica_creativa/resources/airflow/dags/setup.py for tasks to queue
[2025-01-16 19:44:57,481] {logging_mixin.py:109} INFO - [2025-01-16 19:44:57,481] {dagbag.py:496} INFO - Filling up the DagBag from /home/ibdn/BDFI/practica_creativa/resources/airflow/dags/setup.py
[2025-01-16 19:44:57,495] {processor.py:623} INFO - DAG(s) dict_keys(['agile_data_science_batch_prediction_model_training']) retrieved from /home/ibdn/BDFI/practica_creativa/resources/airflow/dags/setup.py
[2025-01-16 19:44:57,508] {logging_mixin.py:109} INFO - [2025-01-16 19:44:57,508] {dag.py:1834} INFO - Sync 1 DAGs
[2025-01-16 19:44:57,538] {logging_mixin.py:109} INFO - [2025-01-16 19:44:57,538] {dag.py:2287} INFO - Setting next_dagrun for agile_data_science_batch_prediction_model_training to 2016-12-11 00:00:00+00:00
[2025-01-16 19:44:57,588] {processor.py:170} INFO - Processing /home/ibdn/BDFI/practica_creativa/resources/airflow/dags/setup.py took 0.117 seconds
[2025-01-16 19:48:25,719] {processor.py:162} INFO - Started process (PID=322367) to work on /home/ibdn/BDFI/practica_creativa/resources/airflow/dags/setup.py
[2025-01-16 19:48:25,720] {processor.py:613} INFO - Processing file /home/ibdn/BDFI/practica_creativa/resources/airflow/dags/setup.py for tasks to queue
[2025-01-16 19:48:25,720] {logging_mixin.py:109} INFO - [2025-01-16 19:48:25,720] {dagbag.py:496} INFO - Filling up the DagBag from /home/ibdn/BDFI/practica_creativa/resources/airflow/dags/setup.py
[2025-01-16 19:48:25,725] {processor.py:623} INFO - DAG(s) dict_keys(['agile_data_science_batch_prediction_model_training']) retrieved from /home/ibdn/BDFI/practica_creativa/resources/airflow/dags/setup.py
[2025-01-16 19:48:25,732] {logging_mixin.py:109} INFO - [2025-01-16 19:48:25,732] {dag.py:1834} INFO - Sync 1 DAGs
[2025-01-16 19:48:25,738] {logging_mixin.py:109} INFO - [2025-01-16 19:48:25,738] {dag.py:2287} INFO - Setting next_dagrun for agile_data_science_batch_prediction_model_training to 2016-12-12 00:00:00+00:00
[2025-01-16 19:48:25,747] {processor.py:170} INFO - Processing /home/ibdn/BDFI/practica_creativa/resources/airflow/dags/setup.py took 0.030 seconds
[2025-01-16 19:52:26,200] {processor.py:162} INFO - Started process (PID=326657) to work on /home/ibdn/BDFI/practica_creativa/resources/airflow/dags/setup.py
[2025-01-16 19:52:26,201] {processor.py:613} INFO - Processing file /home/ibdn/BDFI/practica_creativa/resources/airflow/dags/setup.py for tasks to queue
[2025-01-16 19:52:26,202] {logging_mixin.py:109} INFO - [2025-01-16 19:52:26,202] {dagbag.py:496} INFO - Filling up the DagBag from /home/ibdn/BDFI/practica_creativa/resources/airflow/dags/setup.py
[2025-01-16 19:52:26,207] {processor.py:623} INFO - DAG(s) dict_keys(['agile_data_science_batch_prediction_model_training']) retrieved from /home/ibdn/BDFI/practica_creativa/resources/airflow/dags/setup.py
[2025-01-16 19:52:26,215] {logging_mixin.py:109} INFO - [2025-01-16 19:52:26,215] {dag.py:1834} INFO - Sync 1 DAGs
[2025-01-16 19:52:26,221] {logging_mixin.py:109} INFO - [2025-01-16 19:52:26,221] {dag.py:2287} INFO - Setting next_dagrun for agile_data_science_batch_prediction_model_training to 2016-12-13 00:00:00+00:00
[2025-01-16 19:52:26,230] {processor.py:170} INFO - Processing /home/ibdn/BDFI/practica_creativa/resources/airflow/dags/setup.py took 0.033 seconds
[2025-01-16 19:52:27,329] {processor.py:162} INFO - Started process (PID=326727) to work on /home/ibdn/BDFI/practica_creativa/resources/airflow/dags/setup.py
[2025-01-16 19:52:27,329] {processor.py:613} INFO - Processing file /home/ibdn/BDFI/practica_creativa/resources/airflow/dags/setup.py for tasks to queue
[2025-01-16 19:52:27,330] {logging_mixin.py:109} INFO - [2025-01-16 19:52:27,330] {dagbag.py:496} INFO - Filling up the DagBag from /home/ibdn/BDFI/practica_creativa/resources/airflow/dags/setup.py
[2025-01-16 19:52:27,335] {processor.py:623} INFO - DAG(s) dict_keys(['agile_data_science_batch_prediction_model_training']) retrieved from /home/ibdn/BDFI/practica_creativa/resources/airflow/dags/setup.py
[2025-01-16 19:52:27,342] {logging_mixin.py:109} INFO - [2025-01-16 19:52:27,342] {dag.py:1834} INFO - Sync 1 DAGs
[2025-01-16 19:52:27,347] {logging_mixin.py:109} INFO - [2025-01-16 19:52:27,347] {dag.py:2287} INFO - Setting next_dagrun for agile_data_science_batch_prediction_model_training to 2016-12-14 00:00:00+00:00
[2025-01-16 19:52:27,356] {processor.py:170} INFO - Processing /home/ibdn/BDFI/practica_creativa/resources/airflow/dags/setup.py took 0.029 seconds
[2025-01-16 19:53:59,278] {processor.py:162} INFO - Started process (PID=328578) to work on /home/ibdn/BDFI/practica_creativa/resources/airflow/dags/setup.py
[2025-01-16 19:53:59,280] {processor.py:613} INFO - Processing file /home/ibdn/BDFI/practica_creativa/resources/airflow/dags/setup.py for tasks to queue
[2025-01-16 19:53:59,280] {logging_mixin.py:109} INFO - [2025-01-16 19:53:59,280] {dagbag.py:496} INFO - Filling up the DagBag from /home/ibdn/BDFI/practica_creativa/resources/airflow/dags/setup.py
[2025-01-16 19:53:59,285] {processor.py:623} INFO - DAG(s) dict_keys(['agile_data_science_batch_prediction_model_training']) retrieved from /home/ibdn/BDFI/practica_creativa/resources/airflow/dags/setup.py
[2025-01-16 19:53:59,292] {logging_mixin.py:109} INFO - [2025-01-16 19:53:59,292] {dag.py:1834} INFO - Sync 1 DAGs
[2025-01-16 19:53:59,298] {logging_mixin.py:109} INFO - [2025-01-16 19:53:59,298] {dag.py:2287} INFO - Setting next_dagrun for agile_data_science_batch_prediction_model_training to 2016-12-15 00:00:00+00:00
[2025-01-16 19:53:59,308] {processor.py:170} INFO - Processing /home/ibdn/BDFI/practica_creativa/resources/airflow/dags/setup.py took 0.031 seconds
[2025-01-16 19:58:40,846] {processor.py:162} INFO - Started process (PID=329681) to work on /home/ibdn/BDFI/practica_creativa/resources/airflow/dags/setup.py
[2025-01-16 19:58:40,860] {processor.py:613} INFO - Processing file /home/ibdn/BDFI/practica_creativa/resources/airflow/dags/setup.py for tasks to queue
[2025-01-16 19:58:40,862] {logging_mixin.py:109} INFO - [2025-01-16 19:58:40,861] {dagbag.py:496} INFO - Filling up the DagBag from /home/ibdn/BDFI/practica_creativa/resources/airflow/dags/setup.py
[2025-01-16 19:58:40,887] {processor.py:623} INFO - DAG(s) dict_keys(['agile_data_science_batch_prediction_model_training']) retrieved from /home/ibdn/BDFI/practica_creativa/resources/airflow/dags/setup.py
[2025-01-16 19:58:40,936] {logging_mixin.py:109} INFO - [2025-01-16 19:58:40,936] {dag.py:1834} INFO - Sync 1 DAGs
[2025-01-16 19:58:40,990] {logging_mixin.py:109} INFO - [2025-01-16 19:58:40,984] {dag.py:2287} INFO - Setting next_dagrun for agile_data_science_batch_prediction_model_training to 2016-12-16 00:00:00+00:00
[2025-01-16 19:58:41,044] {processor.py:170} INFO - Processing /home/ibdn/BDFI/practica_creativa/resources/airflow/dags/setup.py took 0.204 seconds
[2025-01-16 20:08:31,735] {processor.py:162} INFO - Started process (PID=332085) to work on /home/ibdn/BDFI/practica_creativa/resources/airflow/dags/setup.py
[2025-01-16 20:08:31,743] {processor.py:613} INFO - Processing file /home/ibdn/BDFI/practica_creativa/resources/airflow/dags/setup.py for tasks to queue
[2025-01-16 20:08:31,745] {logging_mixin.py:109} INFO - [2025-01-16 20:08:31,745] {dagbag.py:496} INFO - Filling up the DagBag from /home/ibdn/BDFI/practica_creativa/resources/airflow/dags/setup.py
[2025-01-16 20:08:31,768] {processor.py:623} INFO - DAG(s) dict_keys(['agile_data_science_batch_prediction_model_training']) retrieved from /home/ibdn/BDFI/practica_creativa/resources/airflow/dags/setup.py
[2025-01-16 20:08:31,797] {logging_mixin.py:109} INFO - [2025-01-16 20:08:31,796] {dag.py:1834} INFO - Sync 1 DAGs
[2025-01-16 20:08:31,818] {logging_mixin.py:109} INFO - [2025-01-16 20:08:31,818] {dag.py:2287} INFO - Setting next_dagrun for agile_data_science_batch_prediction_model_training to 2016-12-17 00:00:00+00:00
[2025-01-16 20:08:31,874] {processor.py:170} INFO - Processing /home/ibdn/BDFI/practica_creativa/resources/airflow/dags/setup.py took 0.145 seconds
[2025-01-17 00:41:09,605] {processor.py:162} INFO - Started process (PID=334842) to work on /home/ibdn/BDFI/practica_creativa/resources/airflow/dags/setup.py
[2025-01-17 00:41:09,608] {processor.py:613} INFO - Processing file /home/ibdn/BDFI/practica_creativa/resources/airflow/dags/setup.py for tasks to queue
[2025-01-17 00:41:09,609] {logging_mixin.py:109} INFO - [2025-01-17 00:41:09,609] {dagbag.py:496} INFO - Filling up the DagBag from /home/ibdn/BDFI/practica_creativa/resources/airflow/dags/setup.py
[2025-01-17 00:41:09,624] {processor.py:623} INFO - DAG(s) dict_keys(['agile_data_science_batch_prediction_model_training']) retrieved from /home/ibdn/BDFI/practica_creativa/resources/airflow/dags/setup.py
[2025-01-17 00:41:09,642] {logging_mixin.py:109} INFO - [2025-01-17 00:41:09,642] {dag.py:1834} INFO - Sync 1 DAGs
[2025-01-17 00:41:09,656] {logging_mixin.py:109} INFO - [2025-01-17 00:41:09,655] {dag.py:2287} INFO - Setting next_dagrun for agile_data_science_batch_prediction_model_training to 2016-12-18 00:00:00+00:00
[2025-01-17 00:41:09,680] {processor.py:170} INFO - Processing /home/ibdn/BDFI/practica_creativa/resources/airflow/dags/setup.py took 0.072 seconds
[2025-01-17 00:41:15,323] {processor.py:162} INFO - Started process (PID=334935) to work on /home/ibdn/BDFI/practica_creativa/resources/airflow/dags/setup.py
[2025-01-17 00:41:15,324] {processor.py:613} INFO - Processing file /home/ibdn/BDFI/practica_creativa/resources/airflow/dags/setup.py for tasks to queue
[2025-01-17 00:41:15,339] {logging_mixin.py:109} INFO - [2025-01-17 00:41:15,335] {dagbag.py:496} INFO - Filling up the DagBag from /home/ibdn/BDFI/practica_creativa/resources/airflow/dags/setup.py
[2025-01-17 00:41:15,465] {processor.py:623} INFO - DAG(s) dict_keys(['agile_data_science_batch_prediction_model_training']) retrieved from /home/ibdn/BDFI/practica_creativa/resources/airflow/dags/setup.py
[2025-01-17 00:41:15,649] {logging_mixin.py:109} INFO - [2025-01-17 00:41:15,649] {dag.py:1834} INFO - Sync 1 DAGs
[2025-01-17 00:41:15,715] {logging_mixin.py:109} INFO - [2025-01-17 00:41:15,715] {dag.py:2287} INFO - Setting next_dagrun for agile_data_science_batch_prediction_model_training to 2016-12-19 00:00:00+00:00
[2025-01-17 00:41:15,768] {processor.py:170} INFO - Processing /home/ibdn/BDFI/practica_creativa/resources/airflow/dags/setup.py took 0.449 seconds
