[2025-01-17 00:40:56,727] {taskinstance.py:903} INFO - Dependencies all met for <TaskInstance: agile_data_science_batch_prediction_model_training.pyspark_train_classifier_model 2016-12-17T00:00:00+00:00 [queued]>
[2025-01-17 00:40:56,734] {taskinstance.py:903} INFO - Dependencies all met for <TaskInstance: agile_data_science_batch_prediction_model_training.pyspark_train_classifier_model 2016-12-17T00:00:00+00:00 [queued]>
[2025-01-17 00:40:56,735] {taskinstance.py:1095} INFO - 
--------------------------------------------------------------------------------
[2025-01-17 00:40:56,735] {taskinstance.py:1096} INFO - Starting attempt 1 of 4
[2025-01-17 00:40:56,735] {taskinstance.py:1097} INFO - 
--------------------------------------------------------------------------------
[2025-01-17 00:40:56,747] {taskinstance.py:1115} INFO - Executing <Task(BashOperator): pyspark_train_classifier_model> on 2016-12-17T00:00:00+00:00
[2025-01-17 00:40:56,750] {standard_task_runner.py:52} INFO - Started process 334699 to run task
[2025-01-17 00:40:56,810] {standard_task_runner.py:76} INFO - Running: ['airflow', 'tasks', 'run', 'agile_data_science_batch_prediction_model_training', 'pyspark_train_classifier_model', '2016-12-17T00:00:00+00:00', '--job-id', '44', '--pool', 'default_pool', '--raw', '--subdir', 'DAGS_FOLDER/setup.py', '--cfg-path', '/tmp/tmpobrjyhu0', '--error-file', '/tmp/tmpa3_fpcol']
[2025-01-17 00:40:56,811] {standard_task_runner.py:77} INFO - Job 44: Subtask pyspark_train_classifier_model
[2025-01-17 00:40:56,849] {logging_mixin.py:109} INFO - Running <TaskInstance: agile_data_science_batch_prediction_model_training.pyspark_train_classifier_model 2016-12-17T00:00:00+00:00 [running]> on host ibdn-VirtualBox
[2025-01-17 00:40:56,890] {taskinstance.py:1254} INFO - Exporting the following env vars:
AIRFLOW_CTX_DAG_OWNER=airflow
AIRFLOW_CTX_DAG_ID=agile_data_science_batch_prediction_model_training
AIRFLOW_CTX_TASK_ID=pyspark_train_classifier_model
AIRFLOW_CTX_EXECUTION_DATE=2016-12-17T00:00:00+00:00
AIRFLOW_CTX_DAG_RUN_ID=scheduled__2016-12-17T00:00:00+00:00
[2025-01-17 00:40:56,892] {subprocess.py:52} INFO - Tmp dir root location: 
 /tmp
[2025-01-17 00:40:56,892] {subprocess.py:63} INFO - Running command: ['bash', '-c', '\nspark-submit --master local[8]   /home/ibdn/BDFI/practica_creativa//resources/train_spark_mllib_model.py   /home/ibdn/BDFI/practica_creativa/']
[2025-01-17 00:40:56,903] {subprocess.py:74} INFO - Output:
[2025-01-17 00:40:59,789] {subprocess.py:78} INFO - 25/01/17 00:40:59 WARN Utils: Your hostname, ibdn-VirtualBox resolves to a loopback address: 127.0.1.1; using 10.0.2.15 instead (on interface enp0s3)
[2025-01-17 00:40:59,793] {subprocess.py:78} INFO - 25/01/17 00:40:59 WARN Utils: Set SPARK_LOCAL_IP if you need to bind to another address
[2025-01-17 00:41:02,117] {subprocess.py:78} INFO - 25/01/17 00:41:02 INFO SparkContext: Running Spark version 3.3.0
[2025-01-17 00:41:02,945] {subprocess.py:78} INFO - 25/01/17 00:41:02 WARN NativeCodeLoader: Unable to load native-hadoop library for your platform... using builtin-java classes where applicable
[2025-01-17 00:41:03,273] {subprocess.py:78} INFO - 25/01/17 00:41:03 INFO ResourceUtils: ==============================================================
[2025-01-17 00:41:03,274] {subprocess.py:78} INFO - 25/01/17 00:41:03 INFO ResourceUtils: No custom resources configured for spark.driver.
[2025-01-17 00:41:03,274] {subprocess.py:78} INFO - 25/01/17 00:41:03 INFO ResourceUtils: ==============================================================
[2025-01-17 00:41:03,274] {subprocess.py:78} INFO - 25/01/17 00:41:03 INFO SparkContext: Submitted application: train_spark_mllib_model.py
[2025-01-17 00:41:03,336] {subprocess.py:78} INFO - 25/01/17 00:41:03 INFO ResourceProfile: Default ResourceProfile created, executor resources: Map(cores -> name: cores, amount: 1, script: , vendor: , memory -> name: memory, amount: 1024, script: , vendor: , offHeap -> name: offHeap, amount: 0, script: , vendor: ), task resources: Map(cpus -> name: cpus, amount: 1.0)
[2025-01-17 00:41:03,355] {subprocess.py:78} INFO - 25/01/17 00:41:03 INFO ResourceProfile: Limiting resource is cpu
[2025-01-17 00:41:03,362] {subprocess.py:78} INFO - 25/01/17 00:41:03 INFO ResourceProfileManager: Added ResourceProfile id: 0
[2025-01-17 00:41:03,682] {subprocess.py:78} INFO - 25/01/17 00:41:03 INFO SecurityManager: Changing view acls to: ibdn
[2025-01-17 00:41:03,683] {subprocess.py:78} INFO - 25/01/17 00:41:03 INFO SecurityManager: Changing modify acls to: ibdn
[2025-01-17 00:41:03,683] {subprocess.py:78} INFO - 25/01/17 00:41:03 INFO SecurityManager: Changing view acls groups to:
[2025-01-17 00:41:03,683] {subprocess.py:78} INFO - 25/01/17 00:41:03 INFO SecurityManager: Changing modify acls groups to:
[2025-01-17 00:41:03,683] {subprocess.py:78} INFO - 25/01/17 00:41:03 INFO SecurityManager: SecurityManager: authentication disabled; ui acls disabled; users  with view permissions: Set(ibdn); groups with view permissions: Set(); users  with modify permissions: Set(ibdn); groups with modify permissions: Set()
[2025-01-17 00:41:04,679] {subprocess.py:78} INFO - 25/01/17 00:41:04 INFO Utils: Successfully started service 'sparkDriver' on port 44825.
[2025-01-17 00:41:04,775] {subprocess.py:78} INFO - 25/01/17 00:41:04 INFO SparkEnv: Registering MapOutputTracker
[2025-01-17 00:41:04,824] {subprocess.py:78} INFO - 25/01/17 00:41:04 INFO SparkEnv: Registering BlockManagerMaster
[2025-01-17 00:41:04,846] {subprocess.py:78} INFO - 25/01/17 00:41:04 INFO BlockManagerMasterEndpoint: Using org.apache.spark.storage.DefaultTopologyMapper for getting topology information
[2025-01-17 00:41:04,848] {subprocess.py:78} INFO - 25/01/17 00:41:04 INFO BlockManagerMasterEndpoint: BlockManagerMasterEndpoint up
[2025-01-17 00:41:04,856] {subprocess.py:78} INFO - 25/01/17 00:41:04 INFO SparkEnv: Registering BlockManagerMasterHeartbeat
[2025-01-17 00:41:04,878] {subprocess.py:78} INFO - 25/01/17 00:41:04 INFO DiskBlockManager: Created local directory at /tmp/blockmgr-36817f7c-5993-4830-bb0e-03c1cf40b64f
[2025-01-17 00:41:04,901] {subprocess.py:78} INFO - 25/01/17 00:41:04 INFO MemoryStore: MemoryStore started with capacity 434.4 MiB
[2025-01-17 00:41:04,929] {subprocess.py:78} INFO - 25/01/17 00:41:04 INFO SparkEnv: Registering OutputCommitCoordinator
[2025-01-17 00:41:05,338] {subprocess.py:78} INFO - 25/01/17 00:41:05 INFO Utils: Successfully started service 'SparkUI' on port 4040.
[2025-01-17 00:41:05,533] {subprocess.py:78} INFO - 25/01/17 00:41:05 INFO Executor: Starting executor ID driver on host 10.0.2.15
[2025-01-17 00:41:05,546] {subprocess.py:78} INFO - 25/01/17 00:41:05 INFO Executor: Starting executor with user classpath (userClassPathFirst = false): ''
[2025-01-17 00:41:05,566] {subprocess.py:78} INFO - 25/01/17 00:41:05 INFO Utils: Successfully started service 'org.apache.spark.network.netty.NettyBlockTransferService' on port 45545.
[2025-01-17 00:41:05,567] {subprocess.py:78} INFO - 25/01/17 00:41:05 INFO NettyBlockTransferService: Server created on 10.0.2.15:45545
[2025-01-17 00:41:05,569] {subprocess.py:78} INFO - 25/01/17 00:41:05 INFO BlockManager: Using org.apache.spark.storage.RandomBlockReplicationPolicy for block replication policy
[2025-01-17 00:41:05,577] {subprocess.py:78} INFO - 25/01/17 00:41:05 INFO BlockManagerMaster: Registering BlockManager BlockManagerId(driver, 10.0.2.15, 45545, None)
[2025-01-17 00:41:05,584] {subprocess.py:78} INFO - 25/01/17 00:41:05 INFO BlockManagerMasterEndpoint: Registering block manager 10.0.2.15:45545 with 434.4 MiB RAM, BlockManagerId(driver, 10.0.2.15, 45545, None)
[2025-01-17 00:41:05,600] {subprocess.py:78} INFO - 25/01/17 00:41:05 INFO BlockManagerMaster: Registered BlockManager BlockManagerId(driver, 10.0.2.15, 45545, None)
[2025-01-17 00:41:05,602] {subprocess.py:78} INFO - 25/01/17 00:41:05 INFO BlockManager: Initialized BlockManager: BlockManagerId(driver, 10.0.2.15, 45545, None)
[2025-01-17 00:41:06,490] {subprocess.py:78} INFO - 25/01/17 00:41:06 INFO SharedState: Setting hive.metastore.warehouse.dir ('null') to the value of spark.sql.warehouse.dir.
[2025-01-17 00:41:06,494] {subprocess.py:78} INFO - 25/01/17 00:41:06 INFO SharedState: Warehouse path is 'file:/tmp/airflowtmpx2dna6y1/spark-warehouse'.
[2025-01-17 00:41:08,511] {subprocess.py:78} INFO - 25/01/17 00:41:08 INFO InMemoryFileIndex: It took 45 ms to list leaf files for 1 paths.
[2025-01-17 00:41:11,922] {local_task_job.py:209} WARNING - State of this instance has been externally set to queued. Terminating instance.
[2025-01-17 00:41:11,941] {process_utils.py:100} INFO - Sending Signals.SIGTERM to GPID 334699
[2025-01-17 00:41:11,941] {taskinstance.py:1236} ERROR - Received SIGTERM. Terminating subprocesses.
[2025-01-17 00:41:11,942] {subprocess.py:88} INFO - Sending SIGTERM signal to process group
[2025-01-17 00:41:11,946] {taskinstance.py:1463} ERROR - Task failed with exception
Traceback (most recent call last):
  File "/home/ibdn/.local/lib/python3.7/site-packages/airflow/models/taskinstance.py", line 1165, in _run_raw_task
    self._prepare_and_execute_task_with_callbacks(context, task)
  File "/home/ibdn/.local/lib/python3.7/site-packages/airflow/models/taskinstance.py", line 1283, in _prepare_and_execute_task_with_callbacks
    result = self._execute_task(context, task_copy)
  File "/home/ibdn/.local/lib/python3.7/site-packages/airflow/models/taskinstance.py", line 1313, in _execute_task
    result = task_copy.execute(context=context)
  File "/home/ibdn/.local/lib/python3.7/site-packages/airflow/operators/bash.py", line 171, in execute
    output_encoding=self.output_encoding,
  File "/home/ibdn/.local/lib/python3.7/site-packages/airflow/hooks/subprocess.py", line 76, in run_command
    for raw_line in iter(self.sub_process.stdout.readline, b''):
  File "/home/ibdn/.local/lib/python3.7/site-packages/airflow/models/taskinstance.py", line 1238, in signal_handler
    raise AirflowException("Task received SIGTERM signal")
airflow.exceptions.AirflowException: Task received SIGTERM signal
[2025-01-17 00:41:11,953] {taskinstance.py:1513} INFO - Marking task as UP_FOR_RETRY. dag_id=agile_data_science_batch_prediction_model_training, task_id=pyspark_train_classifier_model, execution_date=20161217T000000, start_date=20250116T234056, end_date=20250116T234111
[2025-01-17 00:41:12,009] {process_utils.py:66} INFO - Process psutil.Process(pid=334699, status='terminated', exitcode=1, started='00:40:55') (334699) terminated with exit code 1
[2025-01-17 00:41:12,010] {process_utils.py:66} INFO - Process psutil.Process(pid=334741, status='terminated', started='00:41:00') (334741) terminated with exit code None
[2025-01-17 00:41:12,512] {process_utils.py:66} INFO - Process psutil.Process(pid=334700, status='terminated', started='00:40:56') (334700) terminated with exit code None
