[2025-01-17 00:41:24,288] {taskinstance.py:903} INFO - Dependencies all met for <TaskInstance: agile_data_science_batch_prediction_model_training.pyspark_train_classifier_model 2016-12-18T00:00:00+00:00 [queued]>
[2025-01-17 00:41:24,292] {taskinstance.py:903} INFO - Dependencies all met for <TaskInstance: agile_data_science_batch_prediction_model_training.pyspark_train_classifier_model 2016-12-18T00:00:00+00:00 [queued]>
[2025-01-17 00:41:24,292] {taskinstance.py:1095} INFO - 
--------------------------------------------------------------------------------
[2025-01-17 00:41:24,292] {taskinstance.py:1096} INFO - Starting attempt 1 of 4
[2025-01-17 00:41:24,293] {taskinstance.py:1097} INFO - 
--------------------------------------------------------------------------------
[2025-01-17 00:41:24,306] {taskinstance.py:1115} INFO - Executing <Task(BashOperator): pyspark_train_classifier_model> on 2016-12-18T00:00:00+00:00
[2025-01-17 00:41:24,309] {standard_task_runner.py:52} INFO - Started process 335140 to run task
[2025-01-17 00:41:24,313] {standard_task_runner.py:76} INFO - Running: ['airflow', 'tasks', 'run', 'agile_data_science_batch_prediction_model_training', 'pyspark_train_classifier_model', '2016-12-18T00:00:00+00:00', '--job-id', '48', '--pool', 'default_pool', '--raw', '--subdir', 'DAGS_FOLDER/setup.py', '--cfg-path', '/tmp/tmpb9qn7gsr', '--error-file', '/tmp/tmpeta94a7j']
[2025-01-17 00:41:24,316] {standard_task_runner.py:77} INFO - Job 48: Subtask pyspark_train_classifier_model
[2025-01-17 00:41:24,370] {logging_mixin.py:109} INFO - Running <TaskInstance: agile_data_science_batch_prediction_model_training.pyspark_train_classifier_model 2016-12-18T00:00:00+00:00 [running]> on host ibdn-VirtualBox
[2025-01-17 00:41:24,426] {taskinstance.py:1254} INFO - Exporting the following env vars:
AIRFLOW_CTX_DAG_OWNER=airflow
AIRFLOW_CTX_DAG_ID=agile_data_science_batch_prediction_model_training
AIRFLOW_CTX_TASK_ID=pyspark_train_classifier_model
AIRFLOW_CTX_EXECUTION_DATE=2016-12-18T00:00:00+00:00
AIRFLOW_CTX_DAG_RUN_ID=scheduled__2016-12-18T00:00:00+00:00
[2025-01-17 00:41:24,426] {subprocess.py:52} INFO - Tmp dir root location: 
 /tmp
[2025-01-17 00:41:24,429] {subprocess.py:63} INFO - Running command: ['bash', '-c', '\nspark-submit --master local[8]   /home/ibdn/BDFI/practica_creativa//resources/train_spark_mllib_model.py   /home/ibdn/BDFI/practica_creativa/']
[2025-01-17 00:41:24,442] {subprocess.py:74} INFO - Output:
[2025-01-17 00:41:26,766] {subprocess.py:78} INFO - 25/01/17 00:41:26 WARN Utils: Your hostname, ibdn-VirtualBox resolves to a loopback address: 127.0.1.1; using 10.0.2.15 instead (on interface enp0s3)
[2025-01-17 00:41:26,770] {subprocess.py:78} INFO - 25/01/17 00:41:26 WARN Utils: Set SPARK_LOCAL_IP if you need to bind to another address
[2025-01-17 00:41:27,774] {subprocess.py:78} INFO - 25/01/17 00:41:27 INFO SparkContext: Running Spark version 3.3.0
[2025-01-17 00:41:27,847] {subprocess.py:78} INFO - 25/01/17 00:41:27 WARN NativeCodeLoader: Unable to load native-hadoop library for your platform... using builtin-java classes where applicable
[2025-01-17 00:41:28,117] {subprocess.py:78} INFO - 25/01/17 00:41:28 INFO ResourceUtils: ==============================================================
[2025-01-17 00:41:28,118] {subprocess.py:78} INFO - 25/01/17 00:41:28 INFO ResourceUtils: No custom resources configured for spark.driver.
[2025-01-17 00:41:28,125] {subprocess.py:78} INFO - 25/01/17 00:41:28 INFO ResourceUtils: ==============================================================
[2025-01-17 00:41:28,126] {subprocess.py:78} INFO - 25/01/17 00:41:28 INFO SparkContext: Submitted application: train_spark_mllib_model.py
[2025-01-17 00:41:28,158] {subprocess.py:78} INFO - 25/01/17 00:41:28 INFO ResourceProfile: Default ResourceProfile created, executor resources: Map(cores -> name: cores, amount: 1, script: , vendor: , memory -> name: memory, amount: 1024, script: , vendor: , offHeap -> name: offHeap, amount: 0, script: , vendor: ), task resources: Map(cpus -> name: cpus, amount: 1.0)
[2025-01-17 00:41:28,183] {subprocess.py:78} INFO - 25/01/17 00:41:28 INFO ResourceProfile: Limiting resource is cpu
[2025-01-17 00:41:28,184] {subprocess.py:78} INFO - 25/01/17 00:41:28 INFO ResourceProfileManager: Added ResourceProfile id: 0
[2025-01-17 00:41:28,252] {subprocess.py:78} INFO - 25/01/17 00:41:28 INFO SecurityManager: Changing view acls to: ibdn
[2025-01-17 00:41:28,253] {subprocess.py:78} INFO - 25/01/17 00:41:28 INFO SecurityManager: Changing modify acls to: ibdn
[2025-01-17 00:41:28,254] {subprocess.py:78} INFO - 25/01/17 00:41:28 INFO SecurityManager: Changing view acls groups to:
[2025-01-17 00:41:28,255] {subprocess.py:78} INFO - 25/01/17 00:41:28 INFO SecurityManager: Changing modify acls groups to:
[2025-01-17 00:41:28,255] {subprocess.py:78} INFO - 25/01/17 00:41:28 INFO SecurityManager: SecurityManager: authentication disabled; ui acls disabled; users  with view permissions: Set(ibdn); groups with view permissions: Set(); users  with modify permissions: Set(ibdn); groups with modify permissions: Set()
[2025-01-17 00:41:28,433] {taskinstance.py:897} INFO - Dependencies not met for <TaskInstance: agile_data_science_batch_prediction_model_training.pyspark_train_classifier_model 2016-12-18T00:00:00+00:00 [running]>, dependency 'Task Instance State' FAILED: Task is in the 'running' state which is not a valid state for execution. The task must be cleared in order to be run.
[2025-01-17 00:41:28,433] {taskinstance.py:897} INFO - Dependencies not met for <TaskInstance: agile_data_science_batch_prediction_model_training.pyspark_train_classifier_model 2016-12-18T00:00:00+00:00 [running]>, dependency 'Task Instance Not Running' FAILED: Task is in the running state
[2025-01-17 00:41:28,434] {local_task_job.py:96} INFO - Task is not able to be run
[2025-01-17 00:41:28,540] {subprocess.py:78} INFO - 25/01/17 00:41:28 INFO Utils: Successfully started service 'sparkDriver' on port 43837.
[2025-01-17 00:41:28,590] {subprocess.py:78} INFO - 25/01/17 00:41:28 INFO SparkEnv: Registering MapOutputTracker
[2025-01-17 00:41:28,676] {subprocess.py:78} INFO - 25/01/17 00:41:28 INFO SparkEnv: Registering BlockManagerMaster
[2025-01-17 00:41:28,728] {subprocess.py:78} INFO - 25/01/17 00:41:28 INFO BlockManagerMasterEndpoint: Using org.apache.spark.storage.DefaultTopologyMapper for getting topology information
[2025-01-17 00:41:28,733] {subprocess.py:78} INFO - 25/01/17 00:41:28 INFO BlockManagerMasterEndpoint: BlockManagerMasterEndpoint up
[2025-01-17 00:41:28,764] {subprocess.py:78} INFO - 25/01/17 00:41:28 INFO SparkEnv: Registering BlockManagerMasterHeartbeat
[2025-01-17 00:41:28,817] {subprocess.py:78} INFO - 25/01/17 00:41:28 INFO DiskBlockManager: Created local directory at /tmp/blockmgr-dc3d3853-a736-4892-8c96-1a01032b9620
[2025-01-17 00:41:28,927] {subprocess.py:78} INFO - 25/01/17 00:41:28 INFO MemoryStore: MemoryStore started with capacity 434.4 MiB
[2025-01-17 00:41:28,939] {subprocess.py:78} INFO - 25/01/17 00:41:28 INFO SparkEnv: Registering OutputCommitCoordinator
[2025-01-17 00:41:29,507] {subprocess.py:78} INFO - 25/01/17 00:41:29 INFO Utils: Successfully started service 'SparkUI' on port 4040.
[2025-01-17 00:41:29,647] {subprocess.py:78} INFO - 25/01/17 00:41:29 INFO Executor: Starting executor ID driver on host 10.0.2.15
[2025-01-17 00:41:29,658] {subprocess.py:78} INFO - 25/01/17 00:41:29 INFO Executor: Starting executor with user classpath (userClassPathFirst = false): ''
[2025-01-17 00:41:29,697] {subprocess.py:78} INFO - 25/01/17 00:41:29 INFO Utils: Successfully started service 'org.apache.spark.network.netty.NettyBlockTransferService' on port 39303.
[2025-01-17 00:41:29,697] {subprocess.py:78} INFO - 25/01/17 00:41:29 INFO NettyBlockTransferService: Server created on 10.0.2.15:39303
[2025-01-17 00:41:29,701] {subprocess.py:78} INFO - 25/01/17 00:41:29 INFO BlockManager: Using org.apache.spark.storage.RandomBlockReplicationPolicy for block replication policy
[2025-01-17 00:41:29,714] {subprocess.py:78} INFO - 25/01/17 00:41:29 INFO BlockManagerMaster: Registering BlockManager BlockManagerId(driver, 10.0.2.15, 39303, None)
[2025-01-17 00:41:29,719] {subprocess.py:78} INFO - 25/01/17 00:41:29 INFO BlockManagerMasterEndpoint: Registering block manager 10.0.2.15:39303 with 434.4 MiB RAM, BlockManagerId(driver, 10.0.2.15, 39303, None)
[2025-01-17 00:41:29,725] {subprocess.py:78} INFO - 25/01/17 00:41:29 INFO BlockManagerMaster: Registered BlockManager BlockManagerId(driver, 10.0.2.15, 39303, None)
[2025-01-17 00:41:29,730] {subprocess.py:78} INFO - 25/01/17 00:41:29 INFO BlockManager: Initialized BlockManager: BlockManagerId(driver, 10.0.2.15, 39303, None)
[2025-01-17 00:41:30,612] {subprocess.py:78} INFO - 25/01/17 00:41:30 INFO SharedState: Setting hive.metastore.warehouse.dir ('null') to the value of spark.sql.warehouse.dir.
[2025-01-17 00:41:30,673] {subprocess.py:78} INFO - 25/01/17 00:41:30 INFO SharedState: Warehouse path is 'file:/tmp/airflowtmpq8n0z8ba/spark-warehouse'.
